00:23:08 INFO  : Launching XSCT server: xsct -n  -interactive /home/ayuba/Zybo_Image_Processing/Zybo_Image_Processing/workspace/sinpleProjects/temp_xsdb_launch_script.tcl
00:23:08 INFO  : Platform repository initialization has completed.
00:23:08 INFO  : Registering command handlers for Vitis TCF services
00:23:13 INFO  : XSCT server has started successfully.
00:23:13 INFO  : Successfully done setting XSCT server connection channel  
00:23:13 INFO  : plnx-install-location is set to ''
00:23:13 INFO  : Successfully done setting workspace for the tool. 
00:23:13 INFO  : Successfully done query RDI_DATADIR 
00:26:01 INFO  : Result from executing command 'getProjects': simplePlatform
00:26:01 INFO  : Result from executing command 'getPlatforms': 
00:27:48 INFO  : Result from executing command 'getProjects': simplePlatform
00:27:48 INFO  : Result from executing command 'getPlatforms': simplePlatform|/home/ayuba/Zybo_Image_Processing/Zybo_Image_Processing/workspace/sinpleProjects/simplePlatform/export/simplePlatform/simplePlatform.xpfm
00:51:32 INFO  : Checking for BSP changes to sync application flags for project 'Led_app'...
00:52:58 INFO  : Checking for BSP changes to sync application flags for project 'Led_app'...
00:53:47 INFO  : Checking for BSP changes to sync application flags for project 'Led_app'...
00:54:12 INFO  : Checking for BSP changes to sync application flags for project 'Led_app'...
00:57:05 INFO  : Checking for BSP changes to sync application flags for project 'Led_app'...
01:04:39 INFO  : Connected to target on host '127.0.0.1' and port '3121'.
01:04:40 INFO  : Jtag cable 'Digilent Zybo Z7 210351B105D5A' is selected.
01:04:40 INFO  : 'jtag frequency' command is executed.
01:04:40 INFO  : Context for 'APU' is selected.
01:04:40 INFO  : System reset is completed.
01:04:43 INFO  : 'after 3000' command is executed.
01:04:43 INFO  : 'targets -set -filter {jtag_cable_name =~ "Digilent Zybo Z7 210351B105D5A" && level==0 && jtag_device_ctx=="jsn-Zybo Z7-210351B105D5A-23727093-0"}' command is executed.
01:04:45 INFO  : Device configured successfully with "/home/ayuba/Zybo_Image_Processing/Zybo_Image_Processing/workspace/sinpleProjects/Led_app/_ide/bitstream/simple1_wrapper.bit"
01:04:45 INFO  : Context for 'APU' is selected.
01:04:46 INFO  : Hardware design and registers information is loaded from '/home/ayuba/Zybo_Image_Processing/Zybo_Image_Processing/workspace/sinpleProjects/simplePlatform/export/simplePlatform/hw/simple1_wrapper.xsa'.
01:04:46 INFO  : 'configparams force-mem-access 1' command is executed.
01:04:46 INFO  : Context for 'APU' is selected.
01:04:46 INFO  : Sourcing of '/home/ayuba/Zybo_Image_Processing/Zybo_Image_Processing/workspace/sinpleProjects/Led_app/_ide/psinit/ps7_init.tcl' is done.
01:04:46 INFO  : 'ps7_init' command is executed.
01:04:46 INFO  : 'ps7_post_config' command is executed.
01:04:46 INFO  : Context for processor 'ps7_cortexa9_0' is selected.
01:04:46 INFO  : The application '/home/ayuba/Zybo_Image_Processing/Zybo_Image_Processing/workspace/sinpleProjects/Led_app/Debug/Led_app.elf' is downloaded to processor 'ps7_cortexa9_0'.
01:04:46 INFO  : 'configparams force-mem-access 0' command is executed.
01:04:46 INFO  : ----------------XSDB Script----------------
connect -url tcp:127.0.0.1:3121
targets -set -nocase -filter {name =~"APU*"}
rst -system
after 3000
targets -set -filter {jtag_cable_name =~ "Digilent Zybo Z7 210351B105D5A" && level==0 && jtag_device_ctx=="jsn-Zybo Z7-210351B105D5A-23727093-0"}
fpga -file /home/ayuba/Zybo_Image_Processing/Zybo_Image_Processing/workspace/sinpleProjects/Led_app/_ide/bitstream/simple1_wrapper.bit
targets -set -nocase -filter {name =~"APU*"}
loadhw -hw /home/ayuba/Zybo_Image_Processing/Zybo_Image_Processing/workspace/sinpleProjects/simplePlatform/export/simplePlatform/hw/simple1_wrapper.xsa -mem-ranges [list {0x40000000 0xbfffffff}] -regs
configparams force-mem-access 1
targets -set -nocase -filter {name =~"APU*"}
source /home/ayuba/Zybo_Image_Processing/Zybo_Image_Processing/workspace/sinpleProjects/Led_app/_ide/psinit/ps7_init.tcl
ps7_init
ps7_post_config
targets -set -nocase -filter {name =~ "*A9*#0"}
dow /home/ayuba/Zybo_Image_Processing/Zybo_Image_Processing/workspace/sinpleProjects/Led_app/Debug/Led_app.elf
configparams force-mem-access 0
----------------End of Script----------------

01:04:46 INFO  : Context for processor 'ps7_cortexa9_0' is selected.
01:04:46 INFO  : 'con' command is executed.
01:04:46 INFO  : ----------------XSDB Script (After Launch)----------------
targets -set -nocase -filter {name =~ "*A9*#0"}
con
----------------End of Script----------------

01:04:46 INFO  : Launch script is exported to file '/home/ayuba/Zybo_Image_Processing/Zybo_Image_Processing/workspace/sinpleProjects/Led_app_system/_ide/scripts/systemdebugger_led_app_system_standalone.tcl'
01:54:12 INFO  : Disconnected from the channel tcfchan#3.
01:54:12 INFO  : Connected to target on host '127.0.0.1' and port '3121'.
01:54:12 INFO  : Jtag cable 'Digilent Zybo Z7 210351B105D5A' is selected.
01:54:12 INFO  : 'jtag frequency' command is executed.
01:54:12 INFO  : Context for 'APU' is selected.
01:54:13 INFO  : System reset is completed.
01:54:16 INFO  : 'after 3000' command is executed.
01:54:16 INFO  : 'targets -set -filter {jtag_cable_name =~ "Digilent Zybo Z7 210351B105D5A" && level==0 && jtag_device_ctx=="jsn-Zybo Z7-210351B105D5A-23727093-0"}' command is executed.
01:54:18 INFO  : Device configured successfully with "/home/ayuba/Zybo_Image_Processing/Zybo_Image_Processing/workspace/sinpleProjects/Led_app/_ide/bitstream/simple1_wrapper.bit"
01:54:18 INFO  : Context for 'APU' is selected.
01:54:18 INFO  : Hardware design and registers information is loaded from '/home/ayuba/Zybo_Image_Processing/Zybo_Image_Processing/workspace/sinpleProjects/simplePlatform/export/simplePlatform/hw/simple1_wrapper.xsa'.
01:54:18 INFO  : 'configparams force-mem-access 1' command is executed.
01:54:18 INFO  : Context for 'APU' is selected.
01:54:18 INFO  : Sourcing of '/home/ayuba/Zybo_Image_Processing/Zybo_Image_Processing/workspace/sinpleProjects/Led_app/_ide/psinit/ps7_init.tcl' is done.
01:54:18 INFO  : 'ps7_init' command is executed.
01:54:18 INFO  : 'ps7_post_config' command is executed.
01:54:18 INFO  : Context for processor 'ps7_cortexa9_0' is selected.
01:54:18 INFO  : The application '/home/ayuba/Zybo_Image_Processing/Zybo_Image_Processing/workspace/sinpleProjects/Led_app/Debug/Led_app.elf' is downloaded to processor 'ps7_cortexa9_0'.
01:54:18 INFO  : 'configparams force-mem-access 0' command is executed.
01:54:18 INFO  : ----------------XSDB Script----------------
connect -url tcp:127.0.0.1:3121
targets -set -nocase -filter {name =~"APU*"}
rst -system
after 3000
targets -set -filter {jtag_cable_name =~ "Digilent Zybo Z7 210351B105D5A" && level==0 && jtag_device_ctx=="jsn-Zybo Z7-210351B105D5A-23727093-0"}
fpga -file /home/ayuba/Zybo_Image_Processing/Zybo_Image_Processing/workspace/sinpleProjects/Led_app/_ide/bitstream/simple1_wrapper.bit
targets -set -nocase -filter {name =~"APU*"}
loadhw -hw /home/ayuba/Zybo_Image_Processing/Zybo_Image_Processing/workspace/sinpleProjects/simplePlatform/export/simplePlatform/hw/simple1_wrapper.xsa -mem-ranges [list {0x40000000 0xbfffffff}] -regs
configparams force-mem-access 1
targets -set -nocase -filter {name =~"APU*"}
source /home/ayuba/Zybo_Image_Processing/Zybo_Image_Processing/workspace/sinpleProjects/Led_app/_ide/psinit/ps7_init.tcl
ps7_init
ps7_post_config
targets -set -nocase -filter {name =~ "*A9*#0"}
dow /home/ayuba/Zybo_Image_Processing/Zybo_Image_Processing/workspace/sinpleProjects/Led_app/Debug/Led_app.elf
configparams force-mem-access 0
----------------End of Script----------------

01:54:19 INFO  : Context for processor 'ps7_cortexa9_0' is selected.
01:54:19 INFO  : 'con' command is executed.
01:54:19 INFO  : ----------------XSDB Script (After Launch)----------------
targets -set -nocase -filter {name =~ "*A9*#0"}
con
----------------End of Script----------------

01:54:19 INFO  : Launch script is exported to file '/home/ayuba/Zybo_Image_Processing/Zybo_Image_Processing/workspace/sinpleProjects/Led_app_system/_ide/scripts/systemdebugger_led_app_system_standalone.tcl'
02:22:40 INFO  : Disconnected from the channel tcfchan#4.
03:24:52 INFO  : Platform repository initialization has completed.
03:24:52 INFO  : Launching XSCT server: xsct -n  -interactive /home/ayuba/Zybo_Image_Processing/Zybo_Image_Processing/workspace/simpleProjects/temp_xsdb_launch_script.tcl
03:24:52 INFO  : Registering command handlers for Vitis TCF services
03:24:57 INFO  : XSCT server has started successfully.
03:24:57 INFO  : plnx-install-location is set to ''
03:24:57 INFO  : Successfully done setting XSCT server connection channel  
03:24:57 INFO  : Successfully done query RDI_DATADIR 
03:24:57 INFO  : Successfully done setting workspace for the tool. 
03:27:13 INFO  : Result from executing command 'getProjects': LedPushButtonPlatform
03:27:13 INFO  : Result from executing command 'getPlatforms': 
03:28:16 INFO  : Result from executing command 'getProjects': LedPushButtonPlatform
03:28:16 INFO  : Result from executing command 'getPlatforms': LedPushButtonPlatform|/home/ayuba/Zybo_Image_Processing/Zybo_Image_Processing/workspace/simpleProjects/LedPushButtonPlatform/export/LedPushButtonPlatform/LedPushButtonPlatform.xpfm
04:06:07 INFO  : Checking for BSP changes to sync application flags for project 'LedPushButton_app'...
04:08:38 INFO  : Checking for BSP changes to sync application flags for project 'LedPushButton_app'...
04:08:56 INFO  : Checking for BSP changes to sync application flags for project 'LedPushButton_app'...
04:11:39 INFO  : Connected to target on host '127.0.0.1' and port '3121'.
04:11:40 INFO  : Jtag cable 'Digilent Zybo Z7 210351B105D5A' is selected.
04:11:40 INFO  : 'jtag frequency' command is executed.
04:11:40 INFO  : Context for 'APU' is selected.
04:11:40 INFO  : System reset is completed.
04:11:43 INFO  : 'after 3000' command is executed.
04:11:43 INFO  : 'targets -set -filter {jtag_cable_name =~ "Digilent Zybo Z7 210351B105D5A" && level==0 && jtag_device_ctx=="jsn-Zybo Z7-210351B105D5A-23727093-0"}' command is executed.
04:11:45 INFO  : Device configured successfully with "/home/ayuba/Zybo_Image_Processing/Zybo_Image_Processing/workspace/simpleProjects/LedPushButton_app/_ide/bitstream/PushButton_wrapper.bit"
04:11:45 INFO  : Context for 'APU' is selected.
04:11:45 INFO  : Hardware design and registers information is loaded from '/home/ayuba/Zybo_Image_Processing/Zybo_Image_Processing/workspace/simpleProjects/LedPushButtonPlatform/export/LedPushButtonPlatform/hw/PushButton_wrapper.xsa'.
04:11:45 INFO  : 'configparams force-mem-access 1' command is executed.
04:11:45 INFO  : Context for 'APU' is selected.
04:11:45 INFO  : Sourcing of '/home/ayuba/Zybo_Image_Processing/Zybo_Image_Processing/workspace/simpleProjects/LedPushButton_app/_ide/psinit/ps7_init.tcl' is done.
04:11:46 INFO  : 'ps7_init' command is executed.
04:11:46 INFO  : 'ps7_post_config' command is executed.
04:11:46 INFO  : Context for processor 'ps7_cortexa9_0' is selected.
04:11:46 INFO  : The application '/home/ayuba/Zybo_Image_Processing/Zybo_Image_Processing/workspace/simpleProjects/LedPushButton_app/Debug/LedPushButton_app.elf' is downloaded to processor 'ps7_cortexa9_0'.
04:11:46 INFO  : 'configparams force-mem-access 0' command is executed.
04:11:46 INFO  : ----------------XSDB Script----------------
connect -url tcp:127.0.0.1:3121
targets -set -nocase -filter {name =~"APU*"}
rst -system
after 3000
targets -set -filter {jtag_cable_name =~ "Digilent Zybo Z7 210351B105D5A" && level==0 && jtag_device_ctx=="jsn-Zybo Z7-210351B105D5A-23727093-0"}
fpga -file /home/ayuba/Zybo_Image_Processing/Zybo_Image_Processing/workspace/simpleProjects/LedPushButton_app/_ide/bitstream/PushButton_wrapper.bit
targets -set -nocase -filter {name =~"APU*"}
loadhw -hw /home/ayuba/Zybo_Image_Processing/Zybo_Image_Processing/workspace/simpleProjects/LedPushButtonPlatform/export/LedPushButtonPlatform/hw/PushButton_wrapper.xsa -mem-ranges [list {0x40000000 0xbfffffff}] -regs
configparams force-mem-access 1
targets -set -nocase -filter {name =~"APU*"}
source /home/ayuba/Zybo_Image_Processing/Zybo_Image_Processing/workspace/simpleProjects/LedPushButton_app/_ide/psinit/ps7_init.tcl
ps7_init
ps7_post_config
targets -set -nocase -filter {name =~ "*A9*#0"}
dow /home/ayuba/Zybo_Image_Processing/Zybo_Image_Processing/workspace/simpleProjects/LedPushButton_app/Debug/LedPushButton_app.elf
configparams force-mem-access 0
----------------End of Script----------------

04:11:46 INFO  : Context for processor 'ps7_cortexa9_0' is selected.
04:11:46 INFO  : 'con' command is executed.
04:11:46 INFO  : ----------------XSDB Script (After Launch)----------------
targets -set -nocase -filter {name =~ "*A9*#0"}
con
----------------End of Script----------------

04:11:46 INFO  : Launch script is exported to file '/home/ayuba/Zybo_Image_Processing/Zybo_Image_Processing/workspace/simpleProjects/LedPushButton_app_system/_ide/scripts/systemdebugger_ledpushbutton_app_system_standalone.tcl'
04:12:50 INFO  : Disconnected from the channel tcfchan#3.
04:12:51 INFO  : Connected to target on host '127.0.0.1' and port '3121'.
04:12:51 INFO  : Jtag cable 'Digilent Zybo Z7 210351B105D5A' is selected.
04:12:51 INFO  : 'jtag frequency' command is executed.
04:12:51 INFO  : Context for 'APU' is selected.
04:12:51 INFO  : System reset is completed.
04:12:54 INFO  : 'after 3000' command is executed.
04:12:54 INFO  : 'targets -set -filter {jtag_cable_name =~ "Digilent Zybo Z7 210351B105D5A" && level==0 && jtag_device_ctx=="jsn-Zybo Z7-210351B105D5A-23727093-0"}' command is executed.
04:12:56 INFO  : Device configured successfully with "/home/ayuba/Zybo_Image_Processing/Zybo_Image_Processing/workspace/simpleProjects/LedPushButton_app/_ide/bitstream/PushButton_wrapper.bit"
04:12:56 INFO  : Context for 'APU' is selected.
04:12:56 INFO  : Hardware design and registers information is loaded from '/home/ayuba/Zybo_Image_Processing/Zybo_Image_Processing/workspace/simpleProjects/LedPushButtonPlatform/export/LedPushButtonPlatform/hw/PushButton_wrapper.xsa'.
04:12:56 INFO  : 'configparams force-mem-access 1' command is executed.
04:12:56 INFO  : Context for 'APU' is selected.
04:12:56 INFO  : Sourcing of '/home/ayuba/Zybo_Image_Processing/Zybo_Image_Processing/workspace/simpleProjects/LedPushButton_app/_ide/psinit/ps7_init.tcl' is done.
04:12:57 INFO  : 'ps7_init' command is executed.
04:12:57 INFO  : 'ps7_post_config' command is executed.
04:12:57 INFO  : Context for processor 'ps7_cortexa9_0' is selected.
04:12:57 INFO  : The application '/home/ayuba/Zybo_Image_Processing/Zybo_Image_Processing/workspace/simpleProjects/LedPushButton_app/Debug/LedPushButton_app.elf' is downloaded to processor 'ps7_cortexa9_0'.
04:12:57 INFO  : 'configparams force-mem-access 0' command is executed.
04:12:57 INFO  : ----------------XSDB Script----------------
connect -url tcp:127.0.0.1:3121
targets -set -nocase -filter {name =~"APU*"}
rst -system
after 3000
targets -set -filter {jtag_cable_name =~ "Digilent Zybo Z7 210351B105D5A" && level==0 && jtag_device_ctx=="jsn-Zybo Z7-210351B105D5A-23727093-0"}
fpga -file /home/ayuba/Zybo_Image_Processing/Zybo_Image_Processing/workspace/simpleProjects/LedPushButton_app/_ide/bitstream/PushButton_wrapper.bit
targets -set -nocase -filter {name =~"APU*"}
loadhw -hw /home/ayuba/Zybo_Image_Processing/Zybo_Image_Processing/workspace/simpleProjects/LedPushButtonPlatform/export/LedPushButtonPlatform/hw/PushButton_wrapper.xsa -mem-ranges [list {0x40000000 0xbfffffff}] -regs
configparams force-mem-access 1
targets -set -nocase -filter {name =~"APU*"}
source /home/ayuba/Zybo_Image_Processing/Zybo_Image_Processing/workspace/simpleProjects/LedPushButton_app/_ide/psinit/ps7_init.tcl
ps7_init
ps7_post_config
targets -set -nocase -filter {name =~ "*A9*#0"}
dow /home/ayuba/Zybo_Image_Processing/Zybo_Image_Processing/workspace/simpleProjects/LedPushButton_app/Debug/LedPushButton_app.elf
configparams force-mem-access 0
----------------End of Script----------------

04:12:57 INFO  : Context for processor 'ps7_cortexa9_0' is selected.
04:12:57 INFO  : 'con' command is executed.
04:12:57 INFO  : ----------------XSDB Script (After Launch)----------------
targets -set -nocase -filter {name =~ "*A9*#0"}
con
----------------End of Script----------------

04:12:57 INFO  : Launch script is exported to file '/home/ayuba/Zybo_Image_Processing/Zybo_Image_Processing/workspace/simpleProjects/LedPushButton_app_system/_ide/scripts/systemdebugger_ledpushbutton_app_system_1_standalone.tcl'
04:14:23 INFO  : Checking for BSP changes to sync application flags for project 'LedPushButton_app'...
04:15:05 INFO  : Disconnected from the channel tcfchan#4.
04:15:06 INFO  : Connected to target on host '127.0.0.1' and port '3121'.
04:15:06 INFO  : Jtag cable 'Digilent Zybo Z7 210351B105D5A' is selected.
04:15:06 INFO  : 'jtag frequency' command is executed.
04:15:06 INFO  : Context for 'APU' is selected.
04:15:06 INFO  : System reset is completed.
04:15:09 INFO  : 'after 3000' command is executed.
04:15:09 INFO  : 'targets -set -filter {jtag_cable_name =~ "Digilent Zybo Z7 210351B105D5A" && level==0 && jtag_device_ctx=="jsn-Zybo Z7-210351B105D5A-23727093-0"}' command is executed.
04:15:12 INFO  : Device configured successfully with "/home/ayuba/Zybo_Image_Processing/Zybo_Image_Processing/workspace/simpleProjects/LedPushButton_app/_ide/bitstream/PushButton_wrapper.bit"
04:15:12 INFO  : Context for 'APU' is selected.
04:15:12 INFO  : Hardware design and registers information is loaded from '/home/ayuba/Zybo_Image_Processing/Zybo_Image_Processing/workspace/simpleProjects/LedPushButtonPlatform/export/LedPushButtonPlatform/hw/PushButton_wrapper.xsa'.
04:15:12 INFO  : 'configparams force-mem-access 1' command is executed.
04:15:12 INFO  : Context for 'APU' is selected.
04:15:12 INFO  : Sourcing of '/home/ayuba/Zybo_Image_Processing/Zybo_Image_Processing/workspace/simpleProjects/LedPushButton_app/_ide/psinit/ps7_init.tcl' is done.
04:15:12 INFO  : 'ps7_init' command is executed.
04:15:12 INFO  : 'ps7_post_config' command is executed.
04:15:12 INFO  : Context for processor 'ps7_cortexa9_0' is selected.
04:15:12 INFO  : The application '/home/ayuba/Zybo_Image_Processing/Zybo_Image_Processing/workspace/simpleProjects/LedPushButton_app/Debug/LedPushButton_app.elf' is downloaded to processor 'ps7_cortexa9_0'.
04:15:12 INFO  : 'configparams force-mem-access 0' command is executed.
04:15:12 INFO  : ----------------XSDB Script----------------
connect -url tcp:127.0.0.1:3121
targets -set -nocase -filter {name =~"APU*"}
rst -system
after 3000
targets -set -filter {jtag_cable_name =~ "Digilent Zybo Z7 210351B105D5A" && level==0 && jtag_device_ctx=="jsn-Zybo Z7-210351B105D5A-23727093-0"}
fpga -file /home/ayuba/Zybo_Image_Processing/Zybo_Image_Processing/workspace/simpleProjects/LedPushButton_app/_ide/bitstream/PushButton_wrapper.bit
targets -set -nocase -filter {name =~"APU*"}
loadhw -hw /home/ayuba/Zybo_Image_Processing/Zybo_Image_Processing/workspace/simpleProjects/LedPushButtonPlatform/export/LedPushButtonPlatform/hw/PushButton_wrapper.xsa -mem-ranges [list {0x40000000 0xbfffffff}] -regs
configparams force-mem-access 1
targets -set -nocase -filter {name =~"APU*"}
source /home/ayuba/Zybo_Image_Processing/Zybo_Image_Processing/workspace/simpleProjects/LedPushButton_app/_ide/psinit/ps7_init.tcl
ps7_init
ps7_post_config
targets -set -nocase -filter {name =~ "*A9*#0"}
dow /home/ayuba/Zybo_Image_Processing/Zybo_Image_Processing/workspace/simpleProjects/LedPushButton_app/Debug/LedPushButton_app.elf
configparams force-mem-access 0
----------------End of Script----------------

04:15:12 INFO  : Context for processor 'ps7_cortexa9_0' is selected.
04:15:12 INFO  : 'con' command is executed.
04:15:12 INFO  : ----------------XSDB Script (After Launch)----------------
targets -set -nocase -filter {name =~ "*A9*#0"}
con
----------------End of Script----------------

04:15:12 INFO  : Launch script is exported to file '/home/ayuba/Zybo_Image_Processing/Zybo_Image_Processing/workspace/simpleProjects/LedPushButton_app_system/_ide/scripts/systemdebugger_ledpushbutton_app_system_2_standalone.tcl'
04:20:42 INFO  : Checking for BSP changes to sync application flags for project 'LedPushButton_app'...
04:21:10 INFO  : Disconnected from the channel tcfchan#6.
04:21:11 INFO  : Connected to target on host '127.0.0.1' and port '3121'.
04:21:20 INFO  : ----------------XSDB Script----------------
connect -url tcp:127.0.0.1:3121
----------------End of Script----------------

04:21:20 ERROR : Could not find FPGA device on the board for connection 'Local'.


Troubleshooting hints:
1. Check whether board is connected to system properly.
2. In case of zynq board, check whether Digilent/Xilinx cable switch settings are correct.
3. If you are using Xilinx Platform Cable USB, ensure that status LED is green.
04:21:33 INFO  : Checking for BSP changes to sync application flags for project 'LedPushButton_app'...
04:21:56 INFO  : Connected to target on host '127.0.0.1' and port '3121'.
04:21:57 INFO  : Jtag cable 'Digilent Zybo Z7 210351B105D5A' is selected.
04:21:57 INFO  : 'jtag frequency' command is executed.
04:21:57 INFO  : Context for 'APU' is selected.
04:21:57 INFO  : System reset is completed.
04:22:00 INFO  : 'after 3000' command is executed.
04:22:00 INFO  : 'targets -set -filter {jtag_cable_name =~ "Digilent Zybo Z7 210351B105D5A" && level==0 && jtag_device_ctx=="jsn-Zybo Z7-210351B105D5A-23727093-0"}' command is executed.
04:22:02 INFO  : Device configured successfully with "/home/ayuba/Zybo_Image_Processing/Zybo_Image_Processing/workspace/simpleProjects/LedPushButton_app/_ide/bitstream/PushButton_wrapper.bit"
04:22:02 INFO  : Context for 'APU' is selected.
04:22:02 INFO  : Hardware design and registers information is loaded from '/home/ayuba/Zybo_Image_Processing/Zybo_Image_Processing/workspace/simpleProjects/LedPushButtonPlatform/export/LedPushButtonPlatform/hw/PushButton_wrapper.xsa'.
04:22:02 INFO  : 'configparams force-mem-access 1' command is executed.
04:22:02 INFO  : Context for 'APU' is selected.
04:22:02 INFO  : Sourcing of '/home/ayuba/Zybo_Image_Processing/Zybo_Image_Processing/workspace/simpleProjects/LedPushButton_app/_ide/psinit/ps7_init.tcl' is done.
04:22:02 INFO  : 'ps7_init' command is executed.
04:22:02 INFO  : 'ps7_post_config' command is executed.
04:22:02 INFO  : Context for processor 'ps7_cortexa9_0' is selected.
04:22:03 INFO  : The application '/home/ayuba/Zybo_Image_Processing/Zybo_Image_Processing/workspace/simpleProjects/LedPushButton_app/Debug/LedPushButton_app.elf' is downloaded to processor 'ps7_cortexa9_0'.
04:22:03 INFO  : 'configparams force-mem-access 0' command is executed.
04:22:03 INFO  : ----------------XSDB Script----------------
connect -url tcp:127.0.0.1:3121
targets -set -nocase -filter {name =~"APU*"}
rst -system
after 3000
targets -set -filter {jtag_cable_name =~ "Digilent Zybo Z7 210351B105D5A" && level==0 && jtag_device_ctx=="jsn-Zybo Z7-210351B105D5A-23727093-0"}
fpga -file /home/ayuba/Zybo_Image_Processing/Zybo_Image_Processing/workspace/simpleProjects/LedPushButton_app/_ide/bitstream/PushButton_wrapper.bit
targets -set -nocase -filter {name =~"APU*"}
loadhw -hw /home/ayuba/Zybo_Image_Processing/Zybo_Image_Processing/workspace/simpleProjects/LedPushButtonPlatform/export/LedPushButtonPlatform/hw/PushButton_wrapper.xsa -mem-ranges [list {0x40000000 0xbfffffff}] -regs
configparams force-mem-access 1
targets -set -nocase -filter {name =~"APU*"}
source /home/ayuba/Zybo_Image_Processing/Zybo_Image_Processing/workspace/simpleProjects/LedPushButton_app/_ide/psinit/ps7_init.tcl
ps7_init
ps7_post_config
targets -set -nocase -filter {name =~ "*A9*#0"}
dow /home/ayuba/Zybo_Image_Processing/Zybo_Image_Processing/workspace/simpleProjects/LedPushButton_app/Debug/LedPushButton_app.elf
configparams force-mem-access 0
----------------End of Script----------------

04:22:03 INFO  : Context for processor 'ps7_cortexa9_0' is selected.
04:22:03 INFO  : 'con' command is executed.
04:22:03 INFO  : ----------------XSDB Script (After Launch)----------------
targets -set -nocase -filter {name =~ "*A9*#0"}
con
----------------End of Script----------------

04:22:03 INFO  : Launch script is exported to file '/home/ayuba/Zybo_Image_Processing/Zybo_Image_Processing/workspace/simpleProjects/LedPushButton_app_system/_ide/scripts/systemdebugger_ledpushbutton_app_system_4_standalone.tcl'
04:23:05 INFO  : Checking for BSP changes to sync application flags for project 'LedPushButton_app'...
04:23:40 INFO  : Checking for BSP changes to sync application flags for project 'LedPushButton_app'...
04:24:04 INFO  : Disconnected from the channel tcfchan#8.
04:24:05 INFO  : Connected to target on host '127.0.0.1' and port '3121'.
04:24:05 INFO  : Jtag cable 'Digilent Zybo Z7 210351B105D5A' is selected.
04:24:05 INFO  : 'jtag frequency' command is executed.
04:24:05 INFO  : Context for 'APU' is selected.
04:24:05 INFO  : System reset is completed.
04:24:08 INFO  : 'after 3000' command is executed.
04:24:08 INFO  : 'targets -set -filter {jtag_cable_name =~ "Digilent Zybo Z7 210351B105D5A" && level==0 && jtag_device_ctx=="jsn-Zybo Z7-210351B105D5A-23727093-0"}' command is executed.
04:24:11 INFO  : Device configured successfully with "/home/ayuba/Zybo_Image_Processing/Zybo_Image_Processing/workspace/simpleProjects/LedPushButton_app/_ide/bitstream/PushButton_wrapper.bit"
04:24:11 INFO  : Context for 'APU' is selected.
04:24:11 INFO  : Hardware design and registers information is loaded from '/home/ayuba/Zybo_Image_Processing/Zybo_Image_Processing/workspace/simpleProjects/LedPushButtonPlatform/export/LedPushButtonPlatform/hw/PushButton_wrapper.xsa'.
04:24:11 INFO  : 'configparams force-mem-access 1' command is executed.
04:24:11 INFO  : Context for 'APU' is selected.
04:24:11 INFO  : Sourcing of '/home/ayuba/Zybo_Image_Processing/Zybo_Image_Processing/workspace/simpleProjects/LedPushButton_app/_ide/psinit/ps7_init.tcl' is done.
04:24:11 INFO  : 'ps7_init' command is executed.
04:24:11 INFO  : 'ps7_post_config' command is executed.
04:24:11 INFO  : Context for processor 'ps7_cortexa9_0' is selected.
04:24:11 INFO  : The application '/home/ayuba/Zybo_Image_Processing/Zybo_Image_Processing/workspace/simpleProjects/LedPushButton_app/Debug/LedPushButton_app.elf' is downloaded to processor 'ps7_cortexa9_0'.
04:24:11 INFO  : 'configparams force-mem-access 0' command is executed.
04:24:11 INFO  : ----------------XSDB Script----------------
connect -url tcp:127.0.0.1:3121
targets -set -nocase -filter {name =~"APU*"}
rst -system
after 3000
targets -set -filter {jtag_cable_name =~ "Digilent Zybo Z7 210351B105D5A" && level==0 && jtag_device_ctx=="jsn-Zybo Z7-210351B105D5A-23727093-0"}
fpga -file /home/ayuba/Zybo_Image_Processing/Zybo_Image_Processing/workspace/simpleProjects/LedPushButton_app/_ide/bitstream/PushButton_wrapper.bit
targets -set -nocase -filter {name =~"APU*"}
loadhw -hw /home/ayuba/Zybo_Image_Processing/Zybo_Image_Processing/workspace/simpleProjects/LedPushButtonPlatform/export/LedPushButtonPlatform/hw/PushButton_wrapper.xsa -mem-ranges [list {0x40000000 0xbfffffff}] -regs
configparams force-mem-access 1
targets -set -nocase -filter {name =~"APU*"}
source /home/ayuba/Zybo_Image_Processing/Zybo_Image_Processing/workspace/simpleProjects/LedPushButton_app/_ide/psinit/ps7_init.tcl
ps7_init
ps7_post_config
targets -set -nocase -filter {name =~ "*A9*#0"}
dow /home/ayuba/Zybo_Image_Processing/Zybo_Image_Processing/workspace/simpleProjects/LedPushButton_app/Debug/LedPushButton_app.elf
configparams force-mem-access 0
----------------End of Script----------------

04:24:11 INFO  : Context for processor 'ps7_cortexa9_0' is selected.
04:24:11 INFO  : 'con' command is executed.
04:24:11 INFO  : ----------------XSDB Script (After Launch)----------------
targets -set -nocase -filter {name =~ "*A9*#0"}
con
----------------End of Script----------------

04:24:11 INFO  : Launch script is exported to file '/home/ayuba/Zybo_Image_Processing/Zybo_Image_Processing/workspace/simpleProjects/LedPushButton_app_system/_ide/scripts/systemdebugger_ledpushbutton_app_system_5_standalone.tcl'
04:25:11 INFO  : Checking for BSP changes to sync application flags for project 'LedPushButton_app'...
04:25:31 INFO  : Disconnected from the channel tcfchan#12.
04:25:32 INFO  : Connected to target on host '127.0.0.1' and port '3121'.
04:25:41 INFO  : ----------------XSDB Script----------------
connect -url tcp:127.0.0.1:3121
----------------End of Script----------------

04:25:41 ERROR : Could not find FPGA device on the board for connection 'Local'.


Troubleshooting hints:
1. Check whether board is connected to system properly.
2. In case of zynq board, check whether Digilent/Xilinx cable switch settings are correct.
3. If you are using Xilinx Platform Cable USB, ensure that status LED is green.
04:25:55 INFO  : Connected to target on host '127.0.0.1' and port '3121'.
04:25:56 INFO  : Jtag cable 'Digilent Zybo Z7 210351B105D5A' is selected.
04:25:56 INFO  : 'jtag frequency' command is executed.
04:25:56 INFO  : Context for 'APU' is selected.
04:25:56 INFO  : System reset is completed.
04:25:59 INFO  : 'after 3000' command is executed.
04:25:59 INFO  : 'targets -set -filter {jtag_cable_name =~ "Digilent Zybo Z7 210351B105D5A" && level==0 && jtag_device_ctx=="jsn-Zybo Z7-210351B105D5A-23727093-0"}' command is executed.
04:26:01 INFO  : Device configured successfully with "/home/ayuba/Zybo_Image_Processing/Zybo_Image_Processing/workspace/simpleProjects/LedPushButton_app/_ide/bitstream/PushButton_wrapper.bit"
04:26:01 INFO  : Context for 'APU' is selected.
04:26:01 INFO  : Hardware design and registers information is loaded from '/home/ayuba/Zybo_Image_Processing/Zybo_Image_Processing/workspace/simpleProjects/LedPushButtonPlatform/export/LedPushButtonPlatform/hw/PushButton_wrapper.xsa'.
04:26:01 INFO  : 'configparams force-mem-access 1' command is executed.
04:26:01 INFO  : Context for 'APU' is selected.
04:26:01 INFO  : Sourcing of '/home/ayuba/Zybo_Image_Processing/Zybo_Image_Processing/workspace/simpleProjects/LedPushButton_app/_ide/psinit/ps7_init.tcl' is done.
04:26:01 INFO  : 'ps7_init' command is executed.
04:26:01 INFO  : 'ps7_post_config' command is executed.
04:26:01 INFO  : Context for processor 'ps7_cortexa9_0' is selected.
04:26:02 INFO  : The application '/home/ayuba/Zybo_Image_Processing/Zybo_Image_Processing/workspace/simpleProjects/LedPushButton_app/Debug/LedPushButton_app.elf' is downloaded to processor 'ps7_cortexa9_0'.
04:26:02 INFO  : 'configparams force-mem-access 0' command is executed.
04:26:02 INFO  : ----------------XSDB Script----------------
connect -url tcp:127.0.0.1:3121
targets -set -nocase -filter {name =~"APU*"}
rst -system
after 3000
targets -set -filter {jtag_cable_name =~ "Digilent Zybo Z7 210351B105D5A" && level==0 && jtag_device_ctx=="jsn-Zybo Z7-210351B105D5A-23727093-0"}
fpga -file /home/ayuba/Zybo_Image_Processing/Zybo_Image_Processing/workspace/simpleProjects/LedPushButton_app/_ide/bitstream/PushButton_wrapper.bit
targets -set -nocase -filter {name =~"APU*"}
loadhw -hw /home/ayuba/Zybo_Image_Processing/Zybo_Image_Processing/workspace/simpleProjects/LedPushButtonPlatform/export/LedPushButtonPlatform/hw/PushButton_wrapper.xsa -mem-ranges [list {0x40000000 0xbfffffff}] -regs
configparams force-mem-access 1
targets -set -nocase -filter {name =~"APU*"}
source /home/ayuba/Zybo_Image_Processing/Zybo_Image_Processing/workspace/simpleProjects/LedPushButton_app/_ide/psinit/ps7_init.tcl
ps7_init
ps7_post_config
targets -set -nocase -filter {name =~ "*A9*#0"}
dow /home/ayuba/Zybo_Image_Processing/Zybo_Image_Processing/workspace/simpleProjects/LedPushButton_app/Debug/LedPushButton_app.elf
configparams force-mem-access 0
----------------End of Script----------------

04:26:02 INFO  : Context for processor 'ps7_cortexa9_0' is selected.
04:26:02 INFO  : 'con' command is executed.
04:26:02 INFO  : ----------------XSDB Script (After Launch)----------------
targets -set -nocase -filter {name =~ "*A9*#0"}
con
----------------End of Script----------------

04:26:02 INFO  : Launch script is exported to file '/home/ayuba/Zybo_Image_Processing/Zybo_Image_Processing/workspace/simpleProjects/LedPushButton_app_system/_ide/scripts/systemdebugger_ledpushbutton_app_system_7_standalone.tcl'
04:26:40 INFO  : Checking for BSP changes to sync application flags for project 'LedPushButton_app'...
04:27:02 INFO  : Disconnected from the channel tcfchan#14.
04:27:03 INFO  : Connected to target on host '127.0.0.1' and port '3121'.
04:27:13 INFO  : ----------------XSDB Script----------------
connect -url tcp:127.0.0.1:3121
----------------End of Script----------------

04:27:13 ERROR : Could not find FPGA device on the board for connection 'Local'.


Troubleshooting hints:
1. Check whether board is connected to system properly.
2. In case of zynq board, check whether Digilent/Xilinx cable switch settings are correct.
3. If you are using Xilinx Platform Cable USB, ensure that status LED is green.
04:27:18 INFO  : Connected to target on host '127.0.0.1' and port '3121'.
04:27:18 INFO  : Jtag cable 'Digilent Zybo Z7 210351B105D5A' is selected.
04:27:18 INFO  : 'jtag frequency' command is executed.
04:27:18 INFO  : Context for 'APU' is selected.
04:27:18 INFO  : System reset is completed.
04:27:21 INFO  : 'after 3000' command is executed.
04:27:21 INFO  : 'targets -set -filter {jtag_cable_name =~ "Digilent Zybo Z7 210351B105D5A" && level==0 && jtag_device_ctx=="jsn-Zybo Z7-210351B105D5A-23727093-0"}' command is executed.
04:27:24 INFO  : Device configured successfully with "/home/ayuba/Zybo_Image_Processing/Zybo_Image_Processing/workspace/simpleProjects/LedPushButton_app/_ide/bitstream/PushButton_wrapper.bit"
04:27:24 INFO  : Context for 'APU' is selected.
04:27:24 INFO  : Hardware design and registers information is loaded from '/home/ayuba/Zybo_Image_Processing/Zybo_Image_Processing/workspace/simpleProjects/LedPushButtonPlatform/export/LedPushButtonPlatform/hw/PushButton_wrapper.xsa'.
04:27:24 INFO  : 'configparams force-mem-access 1' command is executed.
04:27:24 INFO  : Context for 'APU' is selected.
04:27:24 INFO  : Sourcing of '/home/ayuba/Zybo_Image_Processing/Zybo_Image_Processing/workspace/simpleProjects/LedPushButton_app/_ide/psinit/ps7_init.tcl' is done.
04:27:24 INFO  : 'ps7_init' command is executed.
04:27:24 INFO  : 'ps7_post_config' command is executed.
04:27:24 INFO  : Context for processor 'ps7_cortexa9_0' is selected.
04:27:24 INFO  : The application '/home/ayuba/Zybo_Image_Processing/Zybo_Image_Processing/workspace/simpleProjects/LedPushButton_app/Debug/LedPushButton_app.elf' is downloaded to processor 'ps7_cortexa9_0'.
04:27:24 INFO  : 'configparams force-mem-access 0' command is executed.
04:27:24 INFO  : ----------------XSDB Script----------------
connect -url tcp:127.0.0.1:3121
targets -set -nocase -filter {name =~"APU*"}
rst -system
after 3000
targets -set -filter {jtag_cable_name =~ "Digilent Zybo Z7 210351B105D5A" && level==0 && jtag_device_ctx=="jsn-Zybo Z7-210351B105D5A-23727093-0"}
fpga -file /home/ayuba/Zybo_Image_Processing/Zybo_Image_Processing/workspace/simpleProjects/LedPushButton_app/_ide/bitstream/PushButton_wrapper.bit
targets -set -nocase -filter {name =~"APU*"}
loadhw -hw /home/ayuba/Zybo_Image_Processing/Zybo_Image_Processing/workspace/simpleProjects/LedPushButtonPlatform/export/LedPushButtonPlatform/hw/PushButton_wrapper.xsa -mem-ranges [list {0x40000000 0xbfffffff}] -regs
configparams force-mem-access 1
targets -set -nocase -filter {name =~"APU*"}
source /home/ayuba/Zybo_Image_Processing/Zybo_Image_Processing/workspace/simpleProjects/LedPushButton_app/_ide/psinit/ps7_init.tcl
ps7_init
ps7_post_config
targets -set -nocase -filter {name =~ "*A9*#0"}
dow /home/ayuba/Zybo_Image_Processing/Zybo_Image_Processing/workspace/simpleProjects/LedPushButton_app/Debug/LedPushButton_app.elf
configparams force-mem-access 0
----------------End of Script----------------

04:27:24 INFO  : Context for processor 'ps7_cortexa9_0' is selected.
04:27:24 INFO  : 'con' command is executed.
04:27:24 INFO  : ----------------XSDB Script (After Launch)----------------
targets -set -nocase -filter {name =~ "*A9*#0"}
con
----------------End of Script----------------

04:27:24 INFO  : Launch script is exported to file '/home/ayuba/Zybo_Image_Processing/Zybo_Image_Processing/workspace/simpleProjects/LedPushButton_app_system/_ide/scripts/systemdebugger_ledpushbutton_app_system_9_standalone.tcl'
04:28:48 INFO  : Checking for BSP changes to sync application flags for project 'LedPushButton_app'...
04:29:07 INFO  : Disconnected from the channel tcfchan#16.
04:29:08 INFO  : Connected to target on host '127.0.0.1' and port '3121'.
04:29:17 INFO  : ----------------XSDB Script----------------
connect -url tcp:127.0.0.1:3121
----------------End of Script----------------

04:29:17 ERROR : Could not find FPGA device on the board for connection 'Local'.


Troubleshooting hints:
1. Check whether board is connected to system properly.
2. In case of zynq board, check whether Digilent/Xilinx cable switch settings are correct.
3. If you are using Xilinx Platform Cable USB, ensure that status LED is green.
04:29:22 INFO  : Connected to target on host '127.0.0.1' and port '3121'.
04:29:23 INFO  : Jtag cable 'Digilent Zybo Z7 210351B105D5A' is selected.
04:29:23 INFO  : 'jtag frequency' command is executed.
04:29:23 INFO  : Context for 'APU' is selected.
04:29:23 INFO  : System reset is completed.
04:29:26 INFO  : 'after 3000' command is executed.
04:29:26 INFO  : 'targets -set -filter {jtag_cable_name =~ "Digilent Zybo Z7 210351B105D5A" && level==0 && jtag_device_ctx=="jsn-Zybo Z7-210351B105D5A-23727093-0"}' command is executed.
04:29:28 INFO  : Device configured successfully with "/home/ayuba/Zybo_Image_Processing/Zybo_Image_Processing/workspace/simpleProjects/LedPushButton_app/_ide/bitstream/PushButton_wrapper.bit"
04:29:28 INFO  : Context for 'APU' is selected.
04:29:28 INFO  : Hardware design and registers information is loaded from '/home/ayuba/Zybo_Image_Processing/Zybo_Image_Processing/workspace/simpleProjects/LedPushButtonPlatform/export/LedPushButtonPlatform/hw/PushButton_wrapper.xsa'.
04:29:28 INFO  : 'configparams force-mem-access 1' command is executed.
04:29:28 INFO  : Context for 'APU' is selected.
04:29:28 INFO  : Sourcing of '/home/ayuba/Zybo_Image_Processing/Zybo_Image_Processing/workspace/simpleProjects/LedPushButton_app/_ide/psinit/ps7_init.tcl' is done.
04:29:28 INFO  : 'ps7_init' command is executed.
04:29:28 INFO  : 'ps7_post_config' command is executed.
04:29:28 INFO  : Context for processor 'ps7_cortexa9_0' is selected.
04:29:29 INFO  : The application '/home/ayuba/Zybo_Image_Processing/Zybo_Image_Processing/workspace/simpleProjects/LedPushButton_app/Debug/LedPushButton_app.elf' is downloaded to processor 'ps7_cortexa9_0'.
04:29:29 INFO  : 'configparams force-mem-access 0' command is executed.
04:29:29 INFO  : ----------------XSDB Script----------------
connect -url tcp:127.0.0.1:3121
targets -set -nocase -filter {name =~"APU*"}
rst -system
after 3000
targets -set -filter {jtag_cable_name =~ "Digilent Zybo Z7 210351B105D5A" && level==0 && jtag_device_ctx=="jsn-Zybo Z7-210351B105D5A-23727093-0"}
fpga -file /home/ayuba/Zybo_Image_Processing/Zybo_Image_Processing/workspace/simpleProjects/LedPushButton_app/_ide/bitstream/PushButton_wrapper.bit
targets -set -nocase -filter {name =~"APU*"}
loadhw -hw /home/ayuba/Zybo_Image_Processing/Zybo_Image_Processing/workspace/simpleProjects/LedPushButtonPlatform/export/LedPushButtonPlatform/hw/PushButton_wrapper.xsa -mem-ranges [list {0x40000000 0xbfffffff}] -regs
configparams force-mem-access 1
targets -set -nocase -filter {name =~"APU*"}
source /home/ayuba/Zybo_Image_Processing/Zybo_Image_Processing/workspace/simpleProjects/LedPushButton_app/_ide/psinit/ps7_init.tcl
ps7_init
ps7_post_config
targets -set -nocase -filter {name =~ "*A9*#0"}
dow /home/ayuba/Zybo_Image_Processing/Zybo_Image_Processing/workspace/simpleProjects/LedPushButton_app/Debug/LedPushButton_app.elf
configparams force-mem-access 0
----------------End of Script----------------

04:29:29 INFO  : Context for processor 'ps7_cortexa9_0' is selected.
04:29:29 INFO  : 'con' command is executed.
04:29:29 INFO  : ----------------XSDB Script (After Launch)----------------
targets -set -nocase -filter {name =~ "*A9*#0"}
con
----------------End of Script----------------

04:29:29 INFO  : Launch script is exported to file '/home/ayuba/Zybo_Image_Processing/Zybo_Image_Processing/workspace/simpleProjects/LedPushButton_app_system/_ide/scripts/systemdebugger_ledpushbutton_app_system_11_standalone.tcl'
04:30:05 INFO  : Checking for BSP changes to sync application flags for project 'LedPushButton_app'...
04:30:24 INFO  : Checking for BSP changes to sync application flags for project 'LedPushButton_app'...
04:30:56 INFO  : Disconnected from the channel tcfchan#18.
04:30:57 INFO  : Connected to target on host '127.0.0.1' and port '3121'.
04:30:57 INFO  : Jtag cable 'Digilent Zybo Z7 210351B105D5A' is selected.
04:30:57 INFO  : 'jtag frequency' command is executed.
04:30:57 INFO  : Context for 'APU' is selected.
04:30:57 INFO  : System reset is completed.
04:31:00 INFO  : 'after 3000' command is executed.
04:31:00 INFO  : 'targets -set -filter {jtag_cable_name =~ "Digilent Zybo Z7 210351B105D5A" && level==0 && jtag_device_ctx=="jsn-Zybo Z7-210351B105D5A-23727093-0"}' command is executed.
04:31:03 INFO  : Device configured successfully with "/home/ayuba/Zybo_Image_Processing/Zybo_Image_Processing/workspace/simpleProjects/LedPushButton_app/_ide/bitstream/PushButton_wrapper.bit"
04:31:03 INFO  : Context for 'APU' is selected.
04:31:03 INFO  : Hardware design and registers information is loaded from '/home/ayuba/Zybo_Image_Processing/Zybo_Image_Processing/workspace/simpleProjects/LedPushButtonPlatform/export/LedPushButtonPlatform/hw/PushButton_wrapper.xsa'.
04:31:03 INFO  : 'configparams force-mem-access 1' command is executed.
04:31:03 INFO  : Context for 'APU' is selected.
04:31:03 INFO  : Sourcing of '/home/ayuba/Zybo_Image_Processing/Zybo_Image_Processing/workspace/simpleProjects/LedPushButton_app/_ide/psinit/ps7_init.tcl' is done.
04:31:03 INFO  : 'ps7_init' command is executed.
04:31:03 INFO  : 'ps7_post_config' command is executed.
04:31:03 INFO  : Context for processor 'ps7_cortexa9_0' is selected.
04:31:03 INFO  : The application '/home/ayuba/Zybo_Image_Processing/Zybo_Image_Processing/workspace/simpleProjects/LedPushButton_app/Debug/LedPushButton_app.elf' is downloaded to processor 'ps7_cortexa9_0'.
04:31:03 INFO  : 'configparams force-mem-access 0' command is executed.
04:31:03 INFO  : ----------------XSDB Script----------------
connect -url tcp:127.0.0.1:3121
targets -set -nocase -filter {name =~"APU*"}
rst -system
after 3000
targets -set -filter {jtag_cable_name =~ "Digilent Zybo Z7 210351B105D5A" && level==0 && jtag_device_ctx=="jsn-Zybo Z7-210351B105D5A-23727093-0"}
fpga -file /home/ayuba/Zybo_Image_Processing/Zybo_Image_Processing/workspace/simpleProjects/LedPushButton_app/_ide/bitstream/PushButton_wrapper.bit
targets -set -nocase -filter {name =~"APU*"}
loadhw -hw /home/ayuba/Zybo_Image_Processing/Zybo_Image_Processing/workspace/simpleProjects/LedPushButtonPlatform/export/LedPushButtonPlatform/hw/PushButton_wrapper.xsa -mem-ranges [list {0x40000000 0xbfffffff}] -regs
configparams force-mem-access 1
targets -set -nocase -filter {name =~"APU*"}
source /home/ayuba/Zybo_Image_Processing/Zybo_Image_Processing/workspace/simpleProjects/LedPushButton_app/_ide/psinit/ps7_init.tcl
ps7_init
ps7_post_config
targets -set -nocase -filter {name =~ "*A9*#0"}
dow /home/ayuba/Zybo_Image_Processing/Zybo_Image_Processing/workspace/simpleProjects/LedPushButton_app/Debug/LedPushButton_app.elf
configparams force-mem-access 0
----------------End of Script----------------

04:31:03 INFO  : Context for processor 'ps7_cortexa9_0' is selected.
04:31:03 INFO  : 'con' command is executed.
04:31:03 INFO  : ----------------XSDB Script (After Launch)----------------
targets -set -nocase -filter {name =~ "*A9*#0"}
con
----------------End of Script----------------

04:31:03 INFO  : Launch script is exported to file '/home/ayuba/Zybo_Image_Processing/Zybo_Image_Processing/workspace/simpleProjects/LedPushButton_app_system/_ide/scripts/systemdebugger_ledpushbutton_app_system_12_standalone.tcl'
04:31:46 INFO  : Checking for BSP changes to sync application flags for project 'LedPushButton_app'...
04:32:01 INFO  : Disconnected from the channel tcfchan#21.
04:32:03 INFO  : Connected to target on host '127.0.0.1' and port '3121'.
04:32:12 INFO  : ----------------XSDB Script----------------
connect -url tcp:127.0.0.1:3121
----------------End of Script----------------

04:32:12 ERROR : Could not find FPGA device on the board for connection 'Local'.


Troubleshooting hints:
1. Check whether board is connected to system properly.
2. In case of zynq board, check whether Digilent/Xilinx cable switch settings are correct.
3. If you are using Xilinx Platform Cable USB, ensure that status LED is green.
04:32:21 INFO  : Connected to target on host '127.0.0.1' and port '3121'.
04:32:21 INFO  : Jtag cable 'Digilent Zybo Z7 210351B105D5A' is selected.
04:32:21 INFO  : 'jtag frequency' command is executed.
04:32:21 INFO  : Context for 'APU' is selected.
04:32:21 INFO  : System reset is completed.
04:32:24 INFO  : 'after 3000' command is executed.
04:32:24 INFO  : 'targets -set -filter {jtag_cable_name =~ "Digilent Zybo Z7 210351B105D5A" && level==0 && jtag_device_ctx=="jsn-Zybo Z7-210351B105D5A-23727093-0"}' command is executed.
04:32:26 INFO  : Device configured successfully with "/home/ayuba/Zybo_Image_Processing/Zybo_Image_Processing/workspace/simpleProjects/LedPushButton_app/_ide/bitstream/PushButton_wrapper.bit"
04:32:26 INFO  : Context for 'APU' is selected.
04:32:26 INFO  : Hardware design and registers information is loaded from '/home/ayuba/Zybo_Image_Processing/Zybo_Image_Processing/workspace/simpleProjects/LedPushButtonPlatform/export/LedPushButtonPlatform/hw/PushButton_wrapper.xsa'.
04:32:26 INFO  : 'configparams force-mem-access 1' command is executed.
04:32:26 INFO  : Context for 'APU' is selected.
04:32:26 INFO  : Sourcing of '/home/ayuba/Zybo_Image_Processing/Zybo_Image_Processing/workspace/simpleProjects/LedPushButton_app/_ide/psinit/ps7_init.tcl' is done.
04:32:27 INFO  : 'ps7_init' command is executed.
04:32:27 INFO  : 'ps7_post_config' command is executed.
04:32:27 INFO  : Context for processor 'ps7_cortexa9_0' is selected.
04:32:27 INFO  : The application '/home/ayuba/Zybo_Image_Processing/Zybo_Image_Processing/workspace/simpleProjects/LedPushButton_app/Debug/LedPushButton_app.elf' is downloaded to processor 'ps7_cortexa9_0'.
04:32:27 INFO  : 'configparams force-mem-access 0' command is executed.
04:32:27 INFO  : ----------------XSDB Script----------------
connect -url tcp:127.0.0.1:3121
targets -set -nocase -filter {name =~"APU*"}
rst -system
after 3000
targets -set -filter {jtag_cable_name =~ "Digilent Zybo Z7 210351B105D5A" && level==0 && jtag_device_ctx=="jsn-Zybo Z7-210351B105D5A-23727093-0"}
fpga -file /home/ayuba/Zybo_Image_Processing/Zybo_Image_Processing/workspace/simpleProjects/LedPushButton_app/_ide/bitstream/PushButton_wrapper.bit
targets -set -nocase -filter {name =~"APU*"}
loadhw -hw /home/ayuba/Zybo_Image_Processing/Zybo_Image_Processing/workspace/simpleProjects/LedPushButtonPlatform/export/LedPushButtonPlatform/hw/PushButton_wrapper.xsa -mem-ranges [list {0x40000000 0xbfffffff}] -regs
configparams force-mem-access 1
targets -set -nocase -filter {name =~"APU*"}
source /home/ayuba/Zybo_Image_Processing/Zybo_Image_Processing/workspace/simpleProjects/LedPushButton_app/_ide/psinit/ps7_init.tcl
ps7_init
ps7_post_config
targets -set -nocase -filter {name =~ "*A9*#0"}
dow /home/ayuba/Zybo_Image_Processing/Zybo_Image_Processing/workspace/simpleProjects/LedPushButton_app/Debug/LedPushButton_app.elf
configparams force-mem-access 0
----------------End of Script----------------

04:32:27 INFO  : Context for processor 'ps7_cortexa9_0' is selected.
04:32:27 INFO  : 'con' command is executed.
04:32:27 INFO  : ----------------XSDB Script (After Launch)----------------
targets -set -nocase -filter {name =~ "*A9*#0"}
con
----------------End of Script----------------

04:32:27 INFO  : Launch script is exported to file '/home/ayuba/Zybo_Image_Processing/Zybo_Image_Processing/workspace/simpleProjects/LedPushButton_app_system/_ide/scripts/systemdebugger_ledpushbutton_app_system_14_standalone.tcl'
