00:23:08 INFO  : Launching XSCT server: xsct -n  -interactive /home/ayuba/Zybo_Image_Processing/Zybo_Image_Processing/workspace/sinpleProjects/temp_xsdb_launch_script.tcl
00:23:08 INFO  : Platform repository initialization has completed.
00:23:08 INFO  : Registering command handlers for Vitis TCF services
00:23:13 INFO  : XSCT server has started successfully.
00:23:13 INFO  : Successfully done setting XSCT server connection channel  
00:23:13 INFO  : plnx-install-location is set to ''
00:23:13 INFO  : Successfully done setting workspace for the tool. 
00:23:13 INFO  : Successfully done query RDI_DATADIR 
00:26:01 INFO  : Result from executing command 'getProjects': simplePlatform
00:26:01 INFO  : Result from executing command 'getPlatforms': 
00:27:48 INFO  : Result from executing command 'getProjects': simplePlatform
00:27:48 INFO  : Result from executing command 'getPlatforms': simplePlatform|/home/ayuba/Zybo_Image_Processing/Zybo_Image_Processing/workspace/sinpleProjects/simplePlatform/export/simplePlatform/simplePlatform.xpfm
00:51:32 INFO  : Checking for BSP changes to sync application flags for project 'Led_app'...
00:52:58 INFO  : Checking for BSP changes to sync application flags for project 'Led_app'...
00:53:47 INFO  : Checking for BSP changes to sync application flags for project 'Led_app'...
00:54:12 INFO  : Checking for BSP changes to sync application flags for project 'Led_app'...
00:57:05 INFO  : Checking for BSP changes to sync application flags for project 'Led_app'...
01:04:39 INFO  : Connected to target on host '127.0.0.1' and port '3121'.
01:04:40 INFO  : Jtag cable 'Digilent Zybo Z7 210351B105D5A' is selected.
01:04:40 INFO  : 'jtag frequency' command is executed.
01:04:40 INFO  : Context for 'APU' is selected.
01:04:40 INFO  : System reset is completed.
01:04:43 INFO  : 'after 3000' command is executed.
01:04:43 INFO  : 'targets -set -filter {jtag_cable_name =~ "Digilent Zybo Z7 210351B105D5A" && level==0 && jtag_device_ctx=="jsn-Zybo Z7-210351B105D5A-23727093-0"}' command is executed.
01:04:45 INFO  : Device configured successfully with "/home/ayuba/Zybo_Image_Processing/Zybo_Image_Processing/workspace/sinpleProjects/Led_app/_ide/bitstream/simple1_wrapper.bit"
01:04:45 INFO  : Context for 'APU' is selected.
01:04:46 INFO  : Hardware design and registers information is loaded from '/home/ayuba/Zybo_Image_Processing/Zybo_Image_Processing/workspace/sinpleProjects/simplePlatform/export/simplePlatform/hw/simple1_wrapper.xsa'.
01:04:46 INFO  : 'configparams force-mem-access 1' command is executed.
01:04:46 INFO  : Context for 'APU' is selected.
01:04:46 INFO  : Sourcing of '/home/ayuba/Zybo_Image_Processing/Zybo_Image_Processing/workspace/sinpleProjects/Led_app/_ide/psinit/ps7_init.tcl' is done.
01:04:46 INFO  : 'ps7_init' command is executed.
01:04:46 INFO  : 'ps7_post_config' command is executed.
01:04:46 INFO  : Context for processor 'ps7_cortexa9_0' is selected.
01:04:46 INFO  : The application '/home/ayuba/Zybo_Image_Processing/Zybo_Image_Processing/workspace/sinpleProjects/Led_app/Debug/Led_app.elf' is downloaded to processor 'ps7_cortexa9_0'.
01:04:46 INFO  : 'configparams force-mem-access 0' command is executed.
01:04:46 INFO  : ----------------XSDB Script----------------
connect -url tcp:127.0.0.1:3121
targets -set -nocase -filter {name =~"APU*"}
rst -system
after 3000
targets -set -filter {jtag_cable_name =~ "Digilent Zybo Z7 210351B105D5A" && level==0 && jtag_device_ctx=="jsn-Zybo Z7-210351B105D5A-23727093-0"}
fpga -file /home/ayuba/Zybo_Image_Processing/Zybo_Image_Processing/workspace/sinpleProjects/Led_app/_ide/bitstream/simple1_wrapper.bit
targets -set -nocase -filter {name =~"APU*"}
loadhw -hw /home/ayuba/Zybo_Image_Processing/Zybo_Image_Processing/workspace/sinpleProjects/simplePlatform/export/simplePlatform/hw/simple1_wrapper.xsa -mem-ranges [list {0x40000000 0xbfffffff}] -regs
configparams force-mem-access 1
targets -set -nocase -filter {name =~"APU*"}
source /home/ayuba/Zybo_Image_Processing/Zybo_Image_Processing/workspace/sinpleProjects/Led_app/_ide/psinit/ps7_init.tcl
ps7_init
ps7_post_config
targets -set -nocase -filter {name =~ "*A9*#0"}
dow /home/ayuba/Zybo_Image_Processing/Zybo_Image_Processing/workspace/sinpleProjects/Led_app/Debug/Led_app.elf
configparams force-mem-access 0
----------------End of Script----------------

01:04:46 INFO  : Context for processor 'ps7_cortexa9_0' is selected.
01:04:46 INFO  : 'con' command is executed.
01:04:46 INFO  : ----------------XSDB Script (After Launch)----------------
targets -set -nocase -filter {name =~ "*A9*#0"}
con
----------------End of Script----------------

01:04:46 INFO  : Launch script is exported to file '/home/ayuba/Zybo_Image_Processing/Zybo_Image_Processing/workspace/sinpleProjects/Led_app_system/_ide/scripts/systemdebugger_led_app_system_standalone.tcl'
