#-----------------------------------------------------------
# Vivado v2021.1 (64-bit)
# SW Build 3247384 on Thu Jun 10 19:36:07 MDT 2021
# IP Build 3246043 on Fri Jun 11 00:30:35 MDT 2021
# Start of session at: Thu Oct 20 00:48:13 2022
# Process ID: 13901
# Current directory: /home/ayuba/Zybo_Image_Processing/Zybo_Image_Processing/workspace/zybo_z7_20_base_2021_1/hardware
# Command line: vivado
# Log file: /home/ayuba/Zybo_Image_Processing/Zybo_Image_Processing/workspace/zybo_z7_20_base_2021_1/hardware/vivado.log
# Journal file: /home/ayuba/Zybo_Image_Processing/Zybo_Image_Processing/workspace/zybo_z7_20_base_2021_1/hardware/vivado.jou
#-----------------------------------------------------------
start_gui
open_project /home/ayuba/Zybo_Image_Processing/Zybo_Image_Processing/workspace/zybo_z7_20_base_2021_1/hardware/zybo_z7_base_2021_1-vivado/zybo_z7_base_2021_1-vivado.xpr
Scanning sources...
Finished scanning sources
INFO: [IP_Flow 19-234] Refreshing IP repositories
INFO: [IP_Flow 19-1704] No user IP repositories specified
INFO: [IP_Flow 19-2313] Loaded Vivado IP repository '/home/ayuba/tools/Xilinx/Vivado/2021.1/data/ip'.
WARNING: [IP_Flow 19-3664] IP 'zybo_z7_20_base_2021_1_proc_sys_reset_0_0' generated file not found '/home/ayuba/Zybo_Image_Processing/Zybo_Image_Processing/workspace/zybo_z7_20_base_2021_1/hardware/zybo_z7_base_2021_1-vivado/zybo_z7_base_2021_1-vivado.gen/sources_1/bd/zybo_z7_20_base_2021_1/ip/zybo_z7_20_base_2021_1_proc_sys_reset_0_0/zybo_z7_20_base_2021_1_proc_sys_reset_0_0.dcp'. Please regenerate to continue.
WARNING: [IP_Flow 19-3664] IP 'zybo_z7_20_base_2021_1_proc_sys_reset_0_0' generated file not found '/home/ayuba/Zybo_Image_Processing/Zybo_Image_Processing/workspace/zybo_z7_20_base_2021_1/hardware/zybo_z7_base_2021_1-vivado/zybo_z7_base_2021_1-vivado.gen/sources_1/bd/zybo_z7_20_base_2021_1/ip/zybo_z7_20_base_2021_1_proc_sys_reset_0_0/zybo_z7_20_base_2021_1_proc_sys_reset_0_0_stub.v'. Please regenerate to continue.
WARNING: [IP_Flow 19-3664] IP 'zybo_z7_20_base_2021_1_proc_sys_reset_0_0' generated file not found '/home/ayuba/Zybo_Image_Processing/Zybo_Image_Processing/workspace/zybo_z7_20_base_2021_1/hardware/zybo_z7_base_2021_1-vivado/zybo_z7_base_2021_1-vivado.gen/sources_1/bd/zybo_z7_20_base_2021_1/ip/zybo_z7_20_base_2021_1_proc_sys_reset_0_0/zybo_z7_20_base_2021_1_proc_sys_reset_0_0_stub.vhdl'. Please regenerate to continue.
WARNING: [IP_Flow 19-3664] IP 'zybo_z7_20_base_2021_1_proc_sys_reset_0_0' generated file not found '/home/ayuba/Zybo_Image_Processing/Zybo_Image_Processing/workspace/zybo_z7_20_base_2021_1/hardware/zybo_z7_base_2021_1-vivado/zybo_z7_base_2021_1-vivado.gen/sources_1/bd/zybo_z7_20_base_2021_1/ip/zybo_z7_20_base_2021_1_proc_sys_reset_0_0/zybo_z7_20_base_2021_1_proc_sys_reset_0_0_sim_netlist.v'. Please regenerate to continue.
WARNING: [IP_Flow 19-3664] IP 'zybo_z7_20_base_2021_1_proc_sys_reset_0_0' generated file not found '/home/ayuba/Zybo_Image_Processing/Zybo_Image_Processing/workspace/zybo_z7_20_base_2021_1/hardware/zybo_z7_base_2021_1-vivado/zybo_z7_base_2021_1-vivado.gen/sources_1/bd/zybo_z7_20_base_2021_1/ip/zybo_z7_20_base_2021_1_proc_sys_reset_0_0/zybo_z7_20_base_2021_1_proc_sys_reset_0_0_sim_netlist.vhdl'. Please regenerate to continue.
WARNING: [IP_Flow 19-3664] IP 'zybo_z7_20_base_2021_1_proc_sys_reset_0_1' generated file not found '/home/ayuba/Zybo_Image_Processing/Zybo_Image_Processing/workspace/zybo_z7_20_base_2021_1/hardware/zybo_z7_base_2021_1-vivado/zybo_z7_base_2021_1-vivado.gen/sources_1/bd/zybo_z7_20_base_2021_1/ip/zybo_z7_20_base_2021_1_proc_sys_reset_0_1/zybo_z7_20_base_2021_1_proc_sys_reset_0_1.dcp'. Please regenerate to continue.
WARNING: [IP_Flow 19-3664] IP 'zybo_z7_20_base_2021_1_proc_sys_reset_0_1' generated file not found '/home/ayuba/Zybo_Image_Processing/Zybo_Image_Processing/workspace/zybo_z7_20_base_2021_1/hardware/zybo_z7_base_2021_1-vivado/zybo_z7_base_2021_1-vivado.gen/sources_1/bd/zybo_z7_20_base_2021_1/ip/zybo_z7_20_base_2021_1_proc_sys_reset_0_1/zybo_z7_20_base_2021_1_proc_sys_reset_0_1_stub.v'. Please regenerate to continue.
WARNING: [IP_Flow 19-3664] IP 'zybo_z7_20_base_2021_1_proc_sys_reset_0_1' generated file not found '/home/ayuba/Zybo_Image_Processing/Zybo_Image_Processing/workspace/zybo_z7_20_base_2021_1/hardware/zybo_z7_base_2021_1-vivado/zybo_z7_base_2021_1-vivado.gen/sources_1/bd/zybo_z7_20_base_2021_1/ip/zybo_z7_20_base_2021_1_proc_sys_reset_0_1/zybo_z7_20_base_2021_1_proc_sys_reset_0_1_stub.vhdl'. Please regenerate to continue.
WARNING: [IP_Flow 19-3664] IP 'zybo_z7_20_base_2021_1_proc_sys_reset_0_1' generated file not found '/home/ayuba/Zybo_Image_Processing/Zybo_Image_Processing/workspace/zybo_z7_20_base_2021_1/hardware/zybo_z7_base_2021_1-vivado/zybo_z7_base_2021_1-vivado.gen/sources_1/bd/zybo_z7_20_base_2021_1/ip/zybo_z7_20_base_2021_1_proc_sys_reset_0_1/zybo_z7_20_base_2021_1_proc_sys_reset_0_1_sim_netlist.v'. Please regenerate to continue.
WARNING: [IP_Flow 19-3664] IP 'zybo_z7_20_base_2021_1_proc_sys_reset_0_1' generated file not found '/home/ayuba/Zybo_Image_Processing/Zybo_Image_Processing/workspace/zybo_z7_20_base_2021_1/hardware/zybo_z7_base_2021_1-vivado/zybo_z7_base_2021_1-vivado.gen/sources_1/bd/zybo_z7_20_base_2021_1/ip/zybo_z7_20_base_2021_1_proc_sys_reset_0_1/zybo_z7_20_base_2021_1_proc_sys_reset_0_1_sim_netlist.vhdl'. Please regenerate to continue.
WARNING: [IP_Flow 19-3664] IP 'zybo_z7_20_base_2021_1_proc_sys_reset_0_2' generated file not found '/home/ayuba/Zybo_Image_Processing/Zybo_Image_Processing/workspace/zybo_z7_20_base_2021_1/hardware/zybo_z7_base_2021_1-vivado/zybo_z7_base_2021_1-vivado.gen/sources_1/bd/zybo_z7_20_base_2021_1/ip/zybo_z7_20_base_2021_1_proc_sys_reset_0_2/zybo_z7_20_base_2021_1_proc_sys_reset_0_2.dcp'. Please regenerate to continue.
WARNING: [IP_Flow 19-3664] IP 'zybo_z7_20_base_2021_1_proc_sys_reset_0_2' generated file not found '/home/ayuba/Zybo_Image_Processing/Zybo_Image_Processing/workspace/zybo_z7_20_base_2021_1/hardware/zybo_z7_base_2021_1-vivado/zybo_z7_base_2021_1-vivado.gen/sources_1/bd/zybo_z7_20_base_2021_1/ip/zybo_z7_20_base_2021_1_proc_sys_reset_0_2/zybo_z7_20_base_2021_1_proc_sys_reset_0_2_stub.v'. Please regenerate to continue.
WARNING: [IP_Flow 19-3664] IP 'zybo_z7_20_base_2021_1_proc_sys_reset_0_2' generated file not found '/home/ayuba/Zybo_Image_Processing/Zybo_Image_Processing/workspace/zybo_z7_20_base_2021_1/hardware/zybo_z7_base_2021_1-vivado/zybo_z7_base_2021_1-vivado.gen/sources_1/bd/zybo_z7_20_base_2021_1/ip/zybo_z7_20_base_2021_1_proc_sys_reset_0_2/zybo_z7_20_base_2021_1_proc_sys_reset_0_2_stub.vhdl'. Please regenerate to continue.
WARNING: [IP_Flow 19-3664] IP 'zybo_z7_20_base_2021_1_proc_sys_reset_0_2' generated file not found '/home/ayuba/Zybo_Image_Processing/Zybo_Image_Processing/workspace/zybo_z7_20_base_2021_1/hardware/zybo_z7_base_2021_1-vivado/zybo_z7_base_2021_1-vivado.gen/sources_1/bd/zybo_z7_20_base_2021_1/ip/zybo_z7_20_base_2021_1_proc_sys_reset_0_2/zybo_z7_20_base_2021_1_proc_sys_reset_0_2_sim_netlist.v'. Please regenerate to continue.
WARNING: [IP_Flow 19-3664] IP 'zybo_z7_20_base_2021_1_proc_sys_reset_0_2' generated file not found '/home/ayuba/Zybo_Image_Processing/Zybo_Image_Processing/workspace/zybo_z7_20_base_2021_1/hardware/zybo_z7_base_2021_1-vivado/zybo_z7_base_2021_1-vivado.gen/sources_1/bd/zybo_z7_20_base_2021_1/ip/zybo_z7_20_base_2021_1_proc_sys_reset_0_2/zybo_z7_20_base_2021_1_proc_sys_reset_0_2_sim_netlist.vhdl'. Please regenerate to continue.
WARNING: [IP_Flow 19-3664] IP 'zybo_z7_20_base_2021_1_proc_sys_reset_0_3' generated file not found '/home/ayuba/Zybo_Image_Processing/Zybo_Image_Processing/workspace/zybo_z7_20_base_2021_1/hardware/zybo_z7_base_2021_1-vivado/zybo_z7_base_2021_1-vivado.gen/sources_1/bd/zybo_z7_20_base_2021_1/ip/zybo_z7_20_base_2021_1_proc_sys_reset_0_3/zybo_z7_20_base_2021_1_proc_sys_reset_0_3.dcp'. Please regenerate to continue.
WARNING: [IP_Flow 19-3664] IP 'zybo_z7_20_base_2021_1_proc_sys_reset_0_3' generated file not found '/home/ayuba/Zybo_Image_Processing/Zybo_Image_Processing/workspace/zybo_z7_20_base_2021_1/hardware/zybo_z7_base_2021_1-vivado/zybo_z7_base_2021_1-vivado.gen/sources_1/bd/zybo_z7_20_base_2021_1/ip/zybo_z7_20_base_2021_1_proc_sys_reset_0_3/zybo_z7_20_base_2021_1_proc_sys_reset_0_3_stub.v'. Please regenerate to continue.
WARNING: [IP_Flow 19-3664] IP 'zybo_z7_20_base_2021_1_proc_sys_reset_0_3' generated file not found '/home/ayuba/Zybo_Image_Processing/Zybo_Image_Processing/workspace/zybo_z7_20_base_2021_1/hardware/zybo_z7_base_2021_1-vivado/zybo_z7_base_2021_1-vivado.gen/sources_1/bd/zybo_z7_20_base_2021_1/ip/zybo_z7_20_base_2021_1_proc_sys_reset_0_3/zybo_z7_20_base_2021_1_proc_sys_reset_0_3_stub.vhdl'. Please regenerate to continue.
WARNING: [IP_Flow 19-3664] IP 'zybo_z7_20_base_2021_1_proc_sys_reset_0_3' generated file not found '/home/ayuba/Zybo_Image_Processing/Zybo_Image_Processing/workspace/zybo_z7_20_base_2021_1/hardware/zybo_z7_base_2021_1-vivado/zybo_z7_base_2021_1-vivado.gen/sources_1/bd/zybo_z7_20_base_2021_1/ip/zybo_z7_20_base_2021_1_proc_sys_reset_0_3/zybo_z7_20_base_2021_1_proc_sys_reset_0_3_sim_netlist.v'. Please regenerate to continue.
WARNING: [IP_Flow 19-3664] IP 'zybo_z7_20_base_2021_1_proc_sys_reset_0_3' generated file not found '/home/ayuba/Zybo_Image_Processing/Zybo_Image_Processing/workspace/zybo_z7_20_base_2021_1/hardware/zybo_z7_base_2021_1-vivado/zybo_z7_base_2021_1-vivado.gen/sources_1/bd/zybo_z7_20_base_2021_1/ip/zybo_z7_20_base_2021_1_proc_sys_reset_0_3/zybo_z7_20_base_2021_1_proc_sys_reset_0_3_sim_netlist.vhdl'. Please regenerate to continue.
WARNING: [IP_Flow 19-3664] IP 'zybo_z7_20_base_2021_1_proc_sys_reset_0_4' generated file not found '/home/ayuba/Zybo_Image_Processing/Zybo_Image_Processing/workspace/zybo_z7_20_base_2021_1/hardware/zybo_z7_base_2021_1-vivado/zybo_z7_base_2021_1-vivado.gen/sources_1/bd/zybo_z7_20_base_2021_1/ip/zybo_z7_20_base_2021_1_proc_sys_reset_0_4/zybo_z7_20_base_2021_1_proc_sys_reset_0_4.dcp'. Please regenerate to continue.
WARNING: [IP_Flow 19-3664] IP 'zybo_z7_20_base_2021_1_proc_sys_reset_0_4' generated file not found '/home/ayuba/Zybo_Image_Processing/Zybo_Image_Processing/workspace/zybo_z7_20_base_2021_1/hardware/zybo_z7_base_2021_1-vivado/zybo_z7_base_2021_1-vivado.gen/sources_1/bd/zybo_z7_20_base_2021_1/ip/zybo_z7_20_base_2021_1_proc_sys_reset_0_4/zybo_z7_20_base_2021_1_proc_sys_reset_0_4_stub.v'. Please regenerate to continue.
WARNING: [IP_Flow 19-3664] IP 'zybo_z7_20_base_2021_1_proc_sys_reset_0_4' generated file not found '/home/ayuba/Zybo_Image_Processing/Zybo_Image_Processing/workspace/zybo_z7_20_base_2021_1/hardware/zybo_z7_base_2021_1-vivado/zybo_z7_base_2021_1-vivado.gen/sources_1/bd/zybo_z7_20_base_2021_1/ip/zybo_z7_20_base_2021_1_proc_sys_reset_0_4/zybo_z7_20_base_2021_1_proc_sys_reset_0_4_stub.vhdl'. Please regenerate to continue.
WARNING: [IP_Flow 19-3664] IP 'zybo_z7_20_base_2021_1_proc_sys_reset_0_4' generated file not found '/home/ayuba/Zybo_Image_Processing/Zybo_Image_Processing/workspace/zybo_z7_20_base_2021_1/hardware/zybo_z7_base_2021_1-vivado/zybo_z7_base_2021_1-vivado.gen/sources_1/bd/zybo_z7_20_base_2021_1/ip/zybo_z7_20_base_2021_1_proc_sys_reset_0_4/zybo_z7_20_base_2021_1_proc_sys_reset_0_4_sim_netlist.v'. Please regenerate to continue.
WARNING: [IP_Flow 19-3664] IP 'zybo_z7_20_base_2021_1_proc_sys_reset_0_4' generated file not found '/home/ayuba/Zybo_Image_Processing/Zybo_Image_Processing/workspace/zybo_z7_20_base_2021_1/hardware/zybo_z7_base_2021_1-vivado/zybo_z7_base_2021_1-vivado.gen/sources_1/bd/zybo_z7_20_base_2021_1/ip/zybo_z7_20_base_2021_1_proc_sys_reset_0_4/zybo_z7_20_base_2021_1_proc_sys_reset_0_4_sim_netlist.vhdl'. Please regenerate to continue.
WARNING: [IP_Flow 19-3664] IP 'zybo_z7_20_base_2021_1_axi_intc_0_0' generated file not found '/home/ayuba/Zybo_Image_Processing/Zybo_Image_Processing/workspace/zybo_z7_20_base_2021_1/hardware/zybo_z7_base_2021_1-vivado/zybo_z7_base_2021_1-vivado.gen/sources_1/bd/zybo_z7_20_base_2021_1/ip/zybo_z7_20_base_2021_1_axi_intc_0_0/zybo_z7_20_base_2021_1_axi_intc_0_0.dcp'. Please regenerate to continue.
WARNING: [IP_Flow 19-3664] IP 'zybo_z7_20_base_2021_1_axi_intc_0_0' generated file not found '/home/ayuba/Zybo_Image_Processing/Zybo_Image_Processing/workspace/zybo_z7_20_base_2021_1/hardware/zybo_z7_base_2021_1-vivado/zybo_z7_base_2021_1-vivado.gen/sources_1/bd/zybo_z7_20_base_2021_1/ip/zybo_z7_20_base_2021_1_axi_intc_0_0/zybo_z7_20_base_2021_1_axi_intc_0_0_stub.v'. Please regenerate to continue.
WARNING: [IP_Flow 19-3664] IP 'zybo_z7_20_base_2021_1_axi_intc_0_0' generated file not found '/home/ayuba/Zybo_Image_Processing/Zybo_Image_Processing/workspace/zybo_z7_20_base_2021_1/hardware/zybo_z7_base_2021_1-vivado/zybo_z7_base_2021_1-vivado.gen/sources_1/bd/zybo_z7_20_base_2021_1/ip/zybo_z7_20_base_2021_1_axi_intc_0_0/zybo_z7_20_base_2021_1_axi_intc_0_0_stub.vhdl'. Please regenerate to continue.
WARNING: [IP_Flow 19-3664] IP 'zybo_z7_20_base_2021_1_axi_intc_0_0' generated file not found '/home/ayuba/Zybo_Image_Processing/Zybo_Image_Processing/workspace/zybo_z7_20_base_2021_1/hardware/zybo_z7_base_2021_1-vivado/zybo_z7_base_2021_1-vivado.gen/sources_1/bd/zybo_z7_20_base_2021_1/ip/zybo_z7_20_base_2021_1_axi_intc_0_0/zybo_z7_20_base_2021_1_axi_intc_0_0_sim_netlist.v'. Please regenerate to continue.
WARNING: [IP_Flow 19-3664] IP 'zybo_z7_20_base_2021_1_axi_intc_0_0' generated file not found '/home/ayuba/Zybo_Image_Processing/Zybo_Image_Processing/workspace/zybo_z7_20_base_2021_1/hardware/zybo_z7_base_2021_1-vivado/zybo_z7_base_2021_1-vivado.gen/sources_1/bd/zybo_z7_20_base_2021_1/ip/zybo_z7_20_base_2021_1_axi_intc_0_0/zybo_z7_20_base_2021_1_axi_intc_0_0_sim_netlist.vhdl'. Please regenerate to continue.
WARNING: [IP_Flow 19-3664] IP 'zybo_z7_20_base_2021_1_auto_pc_0' generated file not found '/home/ayuba/Zybo_Image_Processing/Zybo_Image_Processing/workspace/zybo_z7_20_base_2021_1/hardware/zybo_z7_base_2021_1-vivado/zybo_z7_base_2021_1-vivado.gen/sources_1/bd/zybo_z7_20_base_2021_1/ip/zybo_z7_20_base_2021_1_auto_pc_0/zybo_z7_20_base_2021_1_auto_pc_0.dcp'. Please regenerate to continue.
WARNING: [IP_Flow 19-3664] IP 'zybo_z7_20_base_2021_1_auto_pc_0' generated file not found '/home/ayuba/Zybo_Image_Processing/Zybo_Image_Processing/workspace/zybo_z7_20_base_2021_1/hardware/zybo_z7_base_2021_1-vivado/zybo_z7_base_2021_1-vivado.gen/sources_1/bd/zybo_z7_20_base_2021_1/ip/zybo_z7_20_base_2021_1_auto_pc_0/zybo_z7_20_base_2021_1_auto_pc_0_stub.v'. Please regenerate to continue.
WARNING: [IP_Flow 19-3664] IP 'zybo_z7_20_base_2021_1_auto_pc_0' generated file not found '/home/ayuba/Zybo_Image_Processing/Zybo_Image_Processing/workspace/zybo_z7_20_base_2021_1/hardware/zybo_z7_base_2021_1-vivado/zybo_z7_base_2021_1-vivado.gen/sources_1/bd/zybo_z7_20_base_2021_1/ip/zybo_z7_20_base_2021_1_auto_pc_0/zybo_z7_20_base_2021_1_auto_pc_0_stub.vhdl'. Please regenerate to continue.
WARNING: [IP_Flow 19-3664] IP 'zybo_z7_20_base_2021_1_auto_pc_0' generated file not found '/home/ayuba/Zybo_Image_Processing/Zybo_Image_Processing/workspace/zybo_z7_20_base_2021_1/hardware/zybo_z7_base_2021_1-vivado/zybo_z7_base_2021_1-vivado.gen/sources_1/bd/zybo_z7_20_base_2021_1/ip/zybo_z7_20_base_2021_1_auto_pc_0/zybo_z7_20_base_2021_1_auto_pc_0_sim_netlist.v'. Please regenerate to continue.
WARNING: [IP_Flow 19-3664] IP 'zybo_z7_20_base_2021_1_auto_pc_0' generated file not found '/home/ayuba/Zybo_Image_Processing/Zybo_Image_Processing/workspace/zybo_z7_20_base_2021_1/hardware/zybo_z7_base_2021_1-vivado/zybo_z7_base_2021_1-vivado.gen/sources_1/bd/zybo_z7_20_base_2021_1/ip/zybo_z7_20_base_2021_1_auto_pc_0/zybo_z7_20_base_2021_1_auto_pc_0_sim_netlist.vhdl'. Please regenerate to continue.
WARNING: [IP_Flow 19-3664] IP 'zybo_z7_20_base_2021_1_rst_ps7_0_50M_0' generated file not found '/home/ayuba/Zybo_Image_Processing/Zybo_Image_Processing/workspace/zybo_z7_20_base_2021_1/hardware/zybo_z7_base_2021_1-vivado/zybo_z7_base_2021_1-vivado.gen/sources_1/bd/zybo_z7_20_base_2021_1/ip/zybo_z7_20_base_2021_1_rst_ps7_0_50M_0/zybo_z7_20_base_2021_1_rst_ps7_0_50M_0.dcp'. Please regenerate to continue.
WARNING: [IP_Flow 19-3664] IP 'zybo_z7_20_base_2021_1_rst_ps7_0_50M_0' generated file not found '/home/ayuba/Zybo_Image_Processing/Zybo_Image_Processing/workspace/zybo_z7_20_base_2021_1/hardware/zybo_z7_base_2021_1-vivado/zybo_z7_base_2021_1-vivado.gen/sources_1/bd/zybo_z7_20_base_2021_1/ip/zybo_z7_20_base_2021_1_rst_ps7_0_50M_0/zybo_z7_20_base_2021_1_rst_ps7_0_50M_0_stub.v'. Please regenerate to continue.
WARNING: [IP_Flow 19-3664] IP 'zybo_z7_20_base_2021_1_rst_ps7_0_50M_0' generated file not found '/home/ayuba/Zybo_Image_Processing/Zybo_Image_Processing/workspace/zybo_z7_20_base_2021_1/hardware/zybo_z7_base_2021_1-vivado/zybo_z7_base_2021_1-vivado.gen/sources_1/bd/zybo_z7_20_base_2021_1/ip/zybo_z7_20_base_2021_1_rst_ps7_0_50M_0/zybo_z7_20_base_2021_1_rst_ps7_0_50M_0_stub.vhdl'. Please regenerate to continue.
WARNING: [IP_Flow 19-3664] IP 'zybo_z7_20_base_2021_1_rst_ps7_0_50M_0' generated file not found '/home/ayuba/Zybo_Image_Processing/Zybo_Image_Processing/workspace/zybo_z7_20_base_2021_1/hardware/zybo_z7_base_2021_1-vivado/zybo_z7_base_2021_1-vivado.gen/sources_1/bd/zybo_z7_20_base_2021_1/ip/zybo_z7_20_base_2021_1_rst_ps7_0_50M_0/zybo_z7_20_base_2021_1_rst_ps7_0_50M_0_sim_netlist.v'. Please regenerate to continue.
WARNING: [IP_Flow 19-3664] IP 'zybo_z7_20_base_2021_1_rst_ps7_0_50M_0' generated file not found '/home/ayuba/Zybo_Image_Processing/Zybo_Image_Processing/workspace/zybo_z7_20_base_2021_1/hardware/zybo_z7_base_2021_1-vivado/zybo_z7_base_2021_1-vivado.gen/sources_1/bd/zybo_z7_20_base_2021_1/ip/zybo_z7_20_base_2021_1_rst_ps7_0_50M_0/zybo_z7_20_base_2021_1_rst_ps7_0_50M_0_sim_netlist.vhdl'. Please regenerate to continue.
INFO: [IP_Flow 19-3899] Cannot get the environment domain name variable for the component vendor name. Setting the vendor name to 'user.org'.
open_project: Time (s): cpu = 00:00:23 ; elapsed = 00:00:31 . Memory (MB): peak = 7582.371 ; gain = 105.098 ; free physical = 491 ; free virtual = 1679
update_compile_order -fileset sources_1
generate_target all [get_files  /home/ayuba/Zybo_Image_Processing/Zybo_Image_Processing/workspace/zybo_z7_20_base_2021_1/hardware/zybo_z7_base_2021_1-vivado/zybo_z7_base_2021_1-vivado.srcs/sources_1/bd/zybo_z7_20_base_2021_1/zybo_z7_20_base_2021_1.bd]
INFO: [BD 41-1637] Generated targets are already up-to-date for block design 'zybo_z7_20_base_2021_1' - hence not re-generating.
catch { config_ip_cache -export [get_ips -all zybo_z7_20_base_2021_1_proc_sys_reset_0_2] }
catch { config_ip_cache -export [get_ips -all zybo_z7_20_base_2021_1_proc_sys_reset_0_3] }
catch { config_ip_cache -export [get_ips -all zybo_z7_20_base_2021_1_proc_sys_reset_0_4] }
catch { config_ip_cache -export [get_ips -all zybo_z7_20_base_2021_1_axi_intc_0_0] }
catch { config_ip_cache -export [get_ips -all zybo_z7_20_base_2021_1_auto_pc_0] }
catch { config_ip_cache -export [get_ips -all zybo_z7_20_base_2021_1_rst_ps7_0_50M_0] }
INFO: [IP_Flow 19-4993] Using cached IP synthesis design for IP zybo_z7_20_base_2021_1_rst_ps7_0_50M_0, cache-ID = f37a7ca52a191bc3; cache size = 1.058 MB.
catch { [ delete_ip_run [get_ips -all zybo_z7_20_base_2021_1_rst_ps7_0_50M_0] ] }
export_ip_user_files -of_objects [get_files /home/ayuba/Zybo_Image_Processing/Zybo_Image_Processing/workspace/zybo_z7_20_base_2021_1/hardware/zybo_z7_base_2021_1-vivado/zybo_z7_base_2021_1-vivado.srcs/sources_1/bd/zybo_z7_20_base_2021_1/zybo_z7_20_base_2021_1.bd] -no_script -sync -force -quiet
create_ip_run [get_files -of_objects [get_fileset sources_1] /home/ayuba/Zybo_Image_Processing/Zybo_Image_Processing/workspace/zybo_z7_20_base_2021_1/hardware/zybo_z7_base_2021_1-vivado/zybo_z7_base_2021_1-vivado.srcs/sources_1/bd/zybo_z7_20_base_2021_1/zybo_z7_20_base_2021_1.bd]
launch_runs zybo_z7_20_base_2021_1_proc_sys_reset_0_2_synth_1 zybo_z7_20_base_2021_1_proc_sys_reset_0_3_synth_1 zybo_z7_20_base_2021_1_proc_sys_reset_0_4_synth_1 zybo_z7_20_base_2021_1_axi_intc_0_0_synth_1 zybo_z7_20_base_2021_1_auto_pc_0_synth_1 -jobs 2
[Thu Oct 20 00:50:21 2022] Launched zybo_z7_20_base_2021_1_proc_sys_reset_0_2_synth_1, zybo_z7_20_base_2021_1_proc_sys_reset_0_3_synth_1, zybo_z7_20_base_2021_1_proc_sys_reset_0_4_synth_1, zybo_z7_20_base_2021_1_axi_intc_0_0_synth_1, zybo_z7_20_base_2021_1_auto_pc_0_synth_1...
Run output will be captured here:
zybo_z7_20_base_2021_1_proc_sys_reset_0_2_synth_1: /home/ayuba/Zybo_Image_Processing/Zybo_Image_Processing/workspace/zybo_z7_20_base_2021_1/hardware/zybo_z7_base_2021_1-vivado/zybo_z7_base_2021_1-vivado.runs/zybo_z7_20_base_2021_1_proc_sys_reset_0_2_synth_1/runme.log
zybo_z7_20_base_2021_1_proc_sys_reset_0_3_synth_1: /home/ayuba/Zybo_Image_Processing/Zybo_Image_Processing/workspace/zybo_z7_20_base_2021_1/hardware/zybo_z7_base_2021_1-vivado/zybo_z7_base_2021_1-vivado.runs/zybo_z7_20_base_2021_1_proc_sys_reset_0_3_synth_1/runme.log
zybo_z7_20_base_2021_1_proc_sys_reset_0_4_synth_1: /home/ayuba/Zybo_Image_Processing/Zybo_Image_Processing/workspace/zybo_z7_20_base_2021_1/hardware/zybo_z7_base_2021_1-vivado/zybo_z7_base_2021_1-vivado.runs/zybo_z7_20_base_2021_1_proc_sys_reset_0_4_synth_1/runme.log
zybo_z7_20_base_2021_1_axi_intc_0_0_synth_1: /home/ayuba/Zybo_Image_Processing/Zybo_Image_Processing/workspace/zybo_z7_20_base_2021_1/hardware/zybo_z7_base_2021_1-vivado/zybo_z7_base_2021_1-vivado.runs/zybo_z7_20_base_2021_1_axi_intc_0_0_synth_1/runme.log
zybo_z7_20_base_2021_1_auto_pc_0_synth_1: /home/ayuba/Zybo_Image_Processing/Zybo_Image_Processing/workspace/zybo_z7_20_base_2021_1/hardware/zybo_z7_base_2021_1-vivado/zybo_z7_base_2021_1-vivado.runs/zybo_z7_20_base_2021_1_auto_pc_0_synth_1/runme.log
export_simulation -of_objects [get_files /home/ayuba/Zybo_Image_Processing/Zybo_Image_Processing/workspace/zybo_z7_20_base_2021_1/hardware/zybo_z7_base_2021_1-vivado/zybo_z7_base_2021_1-vivado.srcs/sources_1/bd/zybo_z7_20_base_2021_1/zybo_z7_20_base_2021_1.bd] -directory /home/ayuba/Zybo_Image_Processing/Zybo_Image_Processing/workspace/zybo_z7_20_base_2021_1/hardware/zybo_z7_base_2021_1-vivado/zybo_z7_base_2021_1-vivado.ip_user_files/sim_scripts -ip_user_files_dir /home/ayuba/Zybo_Image_Processing/Zybo_Image_Processing/workspace/zybo_z7_20_base_2021_1/hardware/zybo_z7_base_2021_1-vivado/zybo_z7_base_2021_1-vivado.ip_user_files -ipstatic_source_dir /home/ayuba/Zybo_Image_Processing/Zybo_Image_Processing/workspace/zybo_z7_20_base_2021_1/hardware/zybo_z7_base_2021_1-vivado/zybo_z7_base_2021_1-vivado.ip_user_files/ipstatic -lib_map_path [list {modelsim=/home/ayuba/Zybo_Image_Processing/Zybo_Image_Processing/workspace/zybo_z7_20_base_2021_1/hardware/zybo_z7_base_2021_1-vivado/zybo_z7_base_2021_1-vivado.cache/compile_simlib/modelsim} {questa=/home/ayuba/Zybo_Image_Processing/Zybo_Image_Processing/workspace/zybo_z7_20_base_2021_1/hardware/zybo_z7_base_2021_1-vivado/zybo_z7_base_2021_1-vivado.cache/compile_simlib/questa} {ies=/home/ayuba/Zybo_Image_Processing/Zybo_Image_Processing/workspace/zybo_z7_20_base_2021_1/hardware/zybo_z7_base_2021_1-vivado/zybo_z7_base_2021_1-vivado.cache/compile_simlib/ies} {xcelium=/home/ayuba/Zybo_Image_Processing/Zybo_Image_Processing/workspace/zybo_z7_20_base_2021_1/hardware/zybo_z7_base_2021_1-vivado/zybo_z7_base_2021_1-vivado.cache/compile_simlib/xcelium} {vcs=/home/ayuba/Zybo_Image_Processing/Zybo_Image_Processing/workspace/zybo_z7_20_base_2021_1/hardware/zybo_z7_base_2021_1-vivado/zybo_z7_base_2021_1-vivado.cache/compile_simlib/vcs} {riviera=/home/ayuba/Zybo_Image_Processing/Zybo_Image_Processing/workspace/zybo_z7_20_base_2021_1/hardware/zybo_z7_base_2021_1-vivado/zybo_z7_base_2021_1-vivado.cache/compile_simlib/riviera}] -use_ip_compiled_libs -force -quiet
