
*** Running vivado
    with args -log zybo_z7_20_base_2021_1_axi_intc_0_0.vds -m64 -product Vivado -mode batch -messageDb vivado.pb -notrace -source zybo_z7_20_base_2021_1_axi_intc_0_0.tcl


****** Vivado v2021.1 (64-bit)
  **** SW Build 3247384 on Thu Jun 10 19:36:07 MDT 2021
  **** IP Build 3246043 on Fri Jun 11 00:30:35 MDT 2021
    ** Copyright 1986-2021 Xilinx, Inc. All Rights Reserved.

source zybo_z7_20_base_2021_1_axi_intc_0_0.tcl -notrace
Command: synth_design -top zybo_z7_20_base_2021_1_axi_intc_0_0 -part xc7z020clg400-1 -mode out_of_context
Starting synth_design
Attempting to get a license for feature 'Synthesis' and/or device 'xc7z020'
INFO: [Common 17-349] Got license for feature 'Synthesis' and/or device 'xc7z020'
INFO: [Device 21-403] Loading part xc7z020clg400-1
INFO: [Synth 8-7079] Multithreading enabled for synth_design using a maximum of 4 processes.
INFO: [Synth 8-7078] Launching helper process for spawning children vivado processes
INFO: [Synth 8-7075] Helper process launched with PID 15511
---------------------------------------------------------------------------------
Starting RTL Elaboration : Time (s): cpu = 00:00:05 ; elapsed = 00:00:07 . Memory (MB): peak = 2522.508 ; gain = 0.000 ; free physical = 104 ; free virtual = 1765
---------------------------------------------------------------------------------
INFO: [Synth 8-638] synthesizing module 'zybo_z7_20_base_2021_1_axi_intc_0_0' [/home/ayuba/Zybo_Image_Processing/Zybo_Image_Processing/workspace/zybo_z7_20_base_2021_1/hardware/zybo_z7_base_2021_1-vivado/zybo_z7_base_2021_1-vivado.gen/sources_1/bd/zybo_z7_20_base_2021_1/ip/zybo_z7_20_base_2021_1_axi_intc_0_0/synth/zybo_z7_20_base_2021_1_axi_intc_0_0.vhd:85]
	Parameter C_FAMILY bound to: zynq - type: string 
	Parameter C_INSTANCE bound to: zybo_z7_20_base_2021_1_axi_intc_0_0 - type: string 
	Parameter C_S_AXI_ADDR_WIDTH bound to: 9 - type: integer 
	Parameter C_S_AXI_DATA_WIDTH bound to: 32 - type: integer 
	Parameter C_NUM_INTR_INPUTS bound to: 1 - type: integer 
	Parameter C_NUM_SW_INTR bound to: 0 - type: integer 
	Parameter C_KIND_OF_INTR bound to: 32'b11111111111111111111111111111111 
	Parameter C_KIND_OF_EDGE bound to: 32'b11111111111111111111111111111111 
	Parameter C_KIND_OF_LVL bound to: 32'b11111111111111111111111111111111 
	Parameter C_ASYNC_INTR bound to: 32'b11111111111111111111111111111111 
	Parameter C_NUM_SYNC_FF bound to: 2 - type: integer 
	Parameter C_ADDR_WIDTH bound to: 32 - type: integer 
	Parameter C_IVAR_RESET_VALUE bound to: 64'b0000000000000000000000000000000000000000000000000000000000010000 
	Parameter C_ENABLE_ASYNC bound to: 0 - type: integer 
	Parameter C_HAS_IPR bound to: 1 - type: integer 
	Parameter C_HAS_SIE bound to: 1 - type: integer 
	Parameter C_HAS_CIE bound to: 1 - type: integer 
	Parameter C_HAS_IVR bound to: 1 - type: integer 
	Parameter C_HAS_ILR bound to: 0 - type: integer 
	Parameter C_IRQ_IS_LEVEL bound to: 1 - type: integer 
	Parameter C_IRQ_ACTIVE bound to: 1'b1 
	Parameter C_DISABLE_SYNCHRONIZERS bound to: 0 - type: integer 
	Parameter C_MB_CLK_NOT_CONNECTED bound to: 1 - type: integer 
	Parameter C_HAS_FAST bound to: 0 - type: integer 
	Parameter C_EN_CASCADE_MODE bound to: 0 - type: integer 
	Parameter C_CASCADE_MASTER bound to: 0 - type: integer 
INFO: [Synth 8-3491] module 'axi_intc' declared at '/home/ayuba/Zybo_Image_Processing/Zybo_Image_Processing/workspace/zybo_z7_20_base_2021_1/hardware/zybo_z7_base_2021_1-vivado/zybo_z7_base_2021_1-vivado.gen/sources_1/bd/zybo_z7_20_base_2021_1/ipshared/47b8/hdl/axi_intc_v4_1_vh_rfs.vhd:3452' bound to instance 'U0' of component 'axi_intc' [/home/ayuba/Zybo_Image_Processing/Zybo_Image_Processing/workspace/zybo_z7_20_base_2021_1/hardware/zybo_z7_base_2021_1-vivado/zybo_z7_base_2021_1-vivado.gen/sources_1/bd/zybo_z7_20_base_2021_1/ip/zybo_z7_20_base_2021_1_axi_intc_0_0/synth/zybo_z7_20_base_2021_1_axi_intc_0_0.vhd:185]
INFO: [Synth 8-638] synthesizing module 'axi_intc' [/home/ayuba/Zybo_Image_Processing/Zybo_Image_Processing/workspace/zybo_z7_20_base_2021_1/hardware/zybo_z7_base_2021_1-vivado/zybo_z7_base_2021_1-vivado.gen/sources_1/bd/zybo_z7_20_base_2021_1/ipshared/47b8/hdl/axi_intc_v4_1_vh_rfs.vhd:3553]
INFO: [Synth 8-638] synthesizing module 'intc_core' [/home/ayuba/Zybo_Image_Processing/Zybo_Image_Processing/workspace/zybo_z7_20_base_2021_1/hardware/zybo_z7_base_2021_1-vivado/zybo_z7_base_2021_1-vivado.gen/sources_1/bd/zybo_z7_20_base_2021_1/ipshared/47b8/hdl/axi_intc_v4_1_vh_rfs.vhd:794]
INFO: [Synth 8-256] done synthesizing module 'intc_core' (1#1) [/home/ayuba/Zybo_Image_Processing/Zybo_Image_Processing/workspace/zybo_z7_20_base_2021_1/hardware/zybo_z7_base_2021_1-vivado/zybo_z7_base_2021_1-vivado.gen/sources_1/bd/zybo_z7_20_base_2021_1/ipshared/47b8/hdl/axi_intc_v4_1_vh_rfs.vhd:794]
INFO: [Synth 8-638] synthesizing module 'axi_lite_ipif' [/home/ayuba/Zybo_Image_Processing/Zybo_Image_Processing/workspace/zybo_z7_20_base_2021_1/hardware/zybo_z7_base_2021_1-vivado/zybo_z7_base_2021_1-vivado.gen/sources_1/bd/zybo_z7_20_base_2021_1/ipshared/66ea/hdl/axi_lite_ipif_v3_0_vh_rfs.vhd:2948]
INFO: [Synth 8-638] synthesizing module 'slave_attachment' [/home/ayuba/Zybo_Image_Processing/Zybo_Image_Processing/workspace/zybo_z7_20_base_2021_1/hardware/zybo_z7_base_2021_1-vivado/zybo_z7_base_2021_1-vivado.gen/sources_1/bd/zybo_z7_20_base_2021_1/ipshared/66ea/hdl/axi_lite_ipif_v3_0_vh_rfs.vhd:2341]
INFO: [Synth 8-638] synthesizing module 'address_decoder' [/home/ayuba/Zybo_Image_Processing/Zybo_Image_Processing/workspace/zybo_z7_20_base_2021_1/hardware/zybo_z7_base_2021_1-vivado/zybo_z7_base_2021_1-vivado.gen/sources_1/bd/zybo_z7_20_base_2021_1/ipshared/66ea/hdl/axi_lite_ipif_v3_0_vh_rfs.vhd:1775]
INFO: [Synth 8-638] synthesizing module 'pselect_f' [/home/ayuba/Zybo_Image_Processing/Zybo_Image_Processing/workspace/zybo_z7_20_base_2021_1/hardware/zybo_z7_base_2021_1-vivado/zybo_z7_base_2021_1-vivado.gen/sources_1/bd/zybo_z7_20_base_2021_1/ipshared/66ea/hdl/axi_lite_ipif_v3_0_vh_rfs.vhd:1534]
INFO: [Synth 8-256] done synthesizing module 'pselect_f' (2#1) [/home/ayuba/Zybo_Image_Processing/Zybo_Image_Processing/workspace/zybo_z7_20_base_2021_1/hardware/zybo_z7_base_2021_1-vivado/zybo_z7_base_2021_1-vivado.gen/sources_1/bd/zybo_z7_20_base_2021_1/ipshared/66ea/hdl/axi_lite_ipif_v3_0_vh_rfs.vhd:1534]
INFO: [Synth 8-638] synthesizing module 'pselect_f__parameterized0' [/home/ayuba/Zybo_Image_Processing/Zybo_Image_Processing/workspace/zybo_z7_20_base_2021_1/hardware/zybo_z7_base_2021_1-vivado/zybo_z7_base_2021_1-vivado.gen/sources_1/bd/zybo_z7_20_base_2021_1/ipshared/66ea/hdl/axi_lite_ipif_v3_0_vh_rfs.vhd:1534]
INFO: [Synth 8-256] done synthesizing module 'pselect_f__parameterized0' (2#1) [/home/ayuba/Zybo_Image_Processing/Zybo_Image_Processing/workspace/zybo_z7_20_base_2021_1/hardware/zybo_z7_base_2021_1-vivado/zybo_z7_base_2021_1-vivado.gen/sources_1/bd/zybo_z7_20_base_2021_1/ipshared/66ea/hdl/axi_lite_ipif_v3_0_vh_rfs.vhd:1534]
INFO: [Synth 8-638] synthesizing module 'pselect_f__parameterized1' [/home/ayuba/Zybo_Image_Processing/Zybo_Image_Processing/workspace/zybo_z7_20_base_2021_1/hardware/zybo_z7_base_2021_1-vivado/zybo_z7_base_2021_1-vivado.gen/sources_1/bd/zybo_z7_20_base_2021_1/ipshared/66ea/hdl/axi_lite_ipif_v3_0_vh_rfs.vhd:1534]
INFO: [Synth 8-256] done synthesizing module 'pselect_f__parameterized1' (2#1) [/home/ayuba/Zybo_Image_Processing/Zybo_Image_Processing/workspace/zybo_z7_20_base_2021_1/hardware/zybo_z7_base_2021_1-vivado/zybo_z7_base_2021_1-vivado.gen/sources_1/bd/zybo_z7_20_base_2021_1/ipshared/66ea/hdl/axi_lite_ipif_v3_0_vh_rfs.vhd:1534]
INFO: [Synth 8-638] synthesizing module 'pselect_f__parameterized2' [/home/ayuba/Zybo_Image_Processing/Zybo_Image_Processing/workspace/zybo_z7_20_base_2021_1/hardware/zybo_z7_base_2021_1-vivado/zybo_z7_base_2021_1-vivado.gen/sources_1/bd/zybo_z7_20_base_2021_1/ipshared/66ea/hdl/axi_lite_ipif_v3_0_vh_rfs.vhd:1534]
INFO: [Synth 8-256] done synthesizing module 'pselect_f__parameterized2' (2#1) [/home/ayuba/Zybo_Image_Processing/Zybo_Image_Processing/workspace/zybo_z7_20_base_2021_1/hardware/zybo_z7_base_2021_1-vivado/zybo_z7_base_2021_1-vivado.gen/sources_1/bd/zybo_z7_20_base_2021_1/ipshared/66ea/hdl/axi_lite_ipif_v3_0_vh_rfs.vhd:1534]
INFO: [Synth 8-638] synthesizing module 'pselect_f__parameterized3' [/home/ayuba/Zybo_Image_Processing/Zybo_Image_Processing/workspace/zybo_z7_20_base_2021_1/hardware/zybo_z7_base_2021_1-vivado/zybo_z7_base_2021_1-vivado.gen/sources_1/bd/zybo_z7_20_base_2021_1/ipshared/66ea/hdl/axi_lite_ipif_v3_0_vh_rfs.vhd:1534]
INFO: [Synth 8-256] done synthesizing module 'pselect_f__parameterized3' (2#1) [/home/ayuba/Zybo_Image_Processing/Zybo_Image_Processing/workspace/zybo_z7_20_base_2021_1/hardware/zybo_z7_base_2021_1-vivado/zybo_z7_base_2021_1-vivado.gen/sources_1/bd/zybo_z7_20_base_2021_1/ipshared/66ea/hdl/axi_lite_ipif_v3_0_vh_rfs.vhd:1534]
INFO: [Synth 8-638] synthesizing module 'pselect_f__parameterized4' [/home/ayuba/Zybo_Image_Processing/Zybo_Image_Processing/workspace/zybo_z7_20_base_2021_1/hardware/zybo_z7_base_2021_1-vivado/zybo_z7_base_2021_1-vivado.gen/sources_1/bd/zybo_z7_20_base_2021_1/ipshared/66ea/hdl/axi_lite_ipif_v3_0_vh_rfs.vhd:1534]
INFO: [Synth 8-256] done synthesizing module 'pselect_f__parameterized4' (2#1) [/home/ayuba/Zybo_Image_Processing/Zybo_Image_Processing/workspace/zybo_z7_20_base_2021_1/hardware/zybo_z7_base_2021_1-vivado/zybo_z7_base_2021_1-vivado.gen/sources_1/bd/zybo_z7_20_base_2021_1/ipshared/66ea/hdl/axi_lite_ipif_v3_0_vh_rfs.vhd:1534]
INFO: [Synth 8-638] synthesizing module 'pselect_f__parameterized5' [/home/ayuba/Zybo_Image_Processing/Zybo_Image_Processing/workspace/zybo_z7_20_base_2021_1/hardware/zybo_z7_base_2021_1-vivado/zybo_z7_base_2021_1-vivado.gen/sources_1/bd/zybo_z7_20_base_2021_1/ipshared/66ea/hdl/axi_lite_ipif_v3_0_vh_rfs.vhd:1534]
INFO: [Synth 8-256] done synthesizing module 'pselect_f__parameterized5' (2#1) [/home/ayuba/Zybo_Image_Processing/Zybo_Image_Processing/workspace/zybo_z7_20_base_2021_1/hardware/zybo_z7_base_2021_1-vivado/zybo_z7_base_2021_1-vivado.gen/sources_1/bd/zybo_z7_20_base_2021_1/ipshared/66ea/hdl/axi_lite_ipif_v3_0_vh_rfs.vhd:1534]
INFO: [Synth 8-638] synthesizing module 'pselect_f__parameterized6' [/home/ayuba/Zybo_Image_Processing/Zybo_Image_Processing/workspace/zybo_z7_20_base_2021_1/hardware/zybo_z7_base_2021_1-vivado/zybo_z7_base_2021_1-vivado.gen/sources_1/bd/zybo_z7_20_base_2021_1/ipshared/66ea/hdl/axi_lite_ipif_v3_0_vh_rfs.vhd:1534]
INFO: [Synth 8-256] done synthesizing module 'pselect_f__parameterized6' (2#1) [/home/ayuba/Zybo_Image_Processing/Zybo_Image_Processing/workspace/zybo_z7_20_base_2021_1/hardware/zybo_z7_base_2021_1-vivado/zybo_z7_base_2021_1-vivado.gen/sources_1/bd/zybo_z7_20_base_2021_1/ipshared/66ea/hdl/axi_lite_ipif_v3_0_vh_rfs.vhd:1534]
INFO: [Synth 8-638] synthesizing module 'pselect_f__parameterized7' [/home/ayuba/Zybo_Image_Processing/Zybo_Image_Processing/workspace/zybo_z7_20_base_2021_1/hardware/zybo_z7_base_2021_1-vivado/zybo_z7_base_2021_1-vivado.gen/sources_1/bd/zybo_z7_20_base_2021_1/ipshared/66ea/hdl/axi_lite_ipif_v3_0_vh_rfs.vhd:1534]
INFO: [Synth 8-256] done synthesizing module 'pselect_f__parameterized7' (2#1) [/home/ayuba/Zybo_Image_Processing/Zybo_Image_Processing/workspace/zybo_z7_20_base_2021_1/hardware/zybo_z7_base_2021_1-vivado/zybo_z7_base_2021_1-vivado.gen/sources_1/bd/zybo_z7_20_base_2021_1/ipshared/66ea/hdl/axi_lite_ipif_v3_0_vh_rfs.vhd:1534]
INFO: [Synth 8-638] synthesizing module 'pselect_f__parameterized8' [/home/ayuba/Zybo_Image_Processing/Zybo_Image_Processing/workspace/zybo_z7_20_base_2021_1/hardware/zybo_z7_base_2021_1-vivado/zybo_z7_base_2021_1-vivado.gen/sources_1/bd/zybo_z7_20_base_2021_1/ipshared/66ea/hdl/axi_lite_ipif_v3_0_vh_rfs.vhd:1534]
INFO: [Synth 8-256] done synthesizing module 'pselect_f__parameterized8' (2#1) [/home/ayuba/Zybo_Image_Processing/Zybo_Image_Processing/workspace/zybo_z7_20_base_2021_1/hardware/zybo_z7_base_2021_1-vivado/zybo_z7_base_2021_1-vivado.gen/sources_1/bd/zybo_z7_20_base_2021_1/ipshared/66ea/hdl/axi_lite_ipif_v3_0_vh_rfs.vhd:1534]
INFO: [Synth 8-638] synthesizing module 'pselect_f__parameterized9' [/home/ayuba/Zybo_Image_Processing/Zybo_Image_Processing/workspace/zybo_z7_20_base_2021_1/hardware/zybo_z7_base_2021_1-vivado/zybo_z7_base_2021_1-vivado.gen/sources_1/bd/zybo_z7_20_base_2021_1/ipshared/66ea/hdl/axi_lite_ipif_v3_0_vh_rfs.vhd:1534]
INFO: [Synth 8-256] done synthesizing module 'pselect_f__parameterized9' (2#1) [/home/ayuba/Zybo_Image_Processing/Zybo_Image_Processing/workspace/zybo_z7_20_base_2021_1/hardware/zybo_z7_base_2021_1-vivado/zybo_z7_base_2021_1-vivado.gen/sources_1/bd/zybo_z7_20_base_2021_1/ipshared/66ea/hdl/axi_lite_ipif_v3_0_vh_rfs.vhd:1534]
INFO: [Synth 8-638] synthesizing module 'pselect_f__parameterized10' [/home/ayuba/Zybo_Image_Processing/Zybo_Image_Processing/workspace/zybo_z7_20_base_2021_1/hardware/zybo_z7_base_2021_1-vivado/zybo_z7_base_2021_1-vivado.gen/sources_1/bd/zybo_z7_20_base_2021_1/ipshared/66ea/hdl/axi_lite_ipif_v3_0_vh_rfs.vhd:1534]
INFO: [Synth 8-256] done synthesizing module 'pselect_f__parameterized10' (2#1) [/home/ayuba/Zybo_Image_Processing/Zybo_Image_Processing/workspace/zybo_z7_20_base_2021_1/hardware/zybo_z7_base_2021_1-vivado/zybo_z7_base_2021_1-vivado.gen/sources_1/bd/zybo_z7_20_base_2021_1/ipshared/66ea/hdl/axi_lite_ipif_v3_0_vh_rfs.vhd:1534]
INFO: [Synth 8-638] synthesizing module 'pselect_f__parameterized11' [/home/ayuba/Zybo_Image_Processing/Zybo_Image_Processing/workspace/zybo_z7_20_base_2021_1/hardware/zybo_z7_base_2021_1-vivado/zybo_z7_base_2021_1-vivado.gen/sources_1/bd/zybo_z7_20_base_2021_1/ipshared/66ea/hdl/axi_lite_ipif_v3_0_vh_rfs.vhd:1534]
INFO: [Synth 8-256] done synthesizing module 'pselect_f__parameterized11' (2#1) [/home/ayuba/Zybo_Image_Processing/Zybo_Image_Processing/workspace/zybo_z7_20_base_2021_1/hardware/zybo_z7_base_2021_1-vivado/zybo_z7_base_2021_1-vivado.gen/sources_1/bd/zybo_z7_20_base_2021_1/ipshared/66ea/hdl/axi_lite_ipif_v3_0_vh_rfs.vhd:1534]
INFO: [Synth 8-638] synthesizing module 'pselect_f__parameterized12' [/home/ayuba/Zybo_Image_Processing/Zybo_Image_Processing/workspace/zybo_z7_20_base_2021_1/hardware/zybo_z7_base_2021_1-vivado/zybo_z7_base_2021_1-vivado.gen/sources_1/bd/zybo_z7_20_base_2021_1/ipshared/66ea/hdl/axi_lite_ipif_v3_0_vh_rfs.vhd:1534]
INFO: [Synth 8-256] done synthesizing module 'pselect_f__parameterized12' (2#1) [/home/ayuba/Zybo_Image_Processing/Zybo_Image_Processing/workspace/zybo_z7_20_base_2021_1/hardware/zybo_z7_base_2021_1-vivado/zybo_z7_base_2021_1-vivado.gen/sources_1/bd/zybo_z7_20_base_2021_1/ipshared/66ea/hdl/axi_lite_ipif_v3_0_vh_rfs.vhd:1534]
INFO: [Synth 8-638] synthesizing module 'pselect_f__parameterized13' [/home/ayuba/Zybo_Image_Processing/Zybo_Image_Processing/workspace/zybo_z7_20_base_2021_1/hardware/zybo_z7_base_2021_1-vivado/zybo_z7_base_2021_1-vivado.gen/sources_1/bd/zybo_z7_20_base_2021_1/ipshared/66ea/hdl/axi_lite_ipif_v3_0_vh_rfs.vhd:1534]
INFO: [Synth 8-256] done synthesizing module 'pselect_f__parameterized13' (2#1) [/home/ayuba/Zybo_Image_Processing/Zybo_Image_Processing/workspace/zybo_z7_20_base_2021_1/hardware/zybo_z7_base_2021_1-vivado/zybo_z7_base_2021_1-vivado.gen/sources_1/bd/zybo_z7_20_base_2021_1/ipshared/66ea/hdl/axi_lite_ipif_v3_0_vh_rfs.vhd:1534]
INFO: [Synth 8-638] synthesizing module 'pselect_f__parameterized14' [/home/ayuba/Zybo_Image_Processing/Zybo_Image_Processing/workspace/zybo_z7_20_base_2021_1/hardware/zybo_z7_base_2021_1-vivado/zybo_z7_base_2021_1-vivado.gen/sources_1/bd/zybo_z7_20_base_2021_1/ipshared/66ea/hdl/axi_lite_ipif_v3_0_vh_rfs.vhd:1534]
INFO: [Synth 8-256] done synthesizing module 'pselect_f__parameterized14' (2#1) [/home/ayuba/Zybo_Image_Processing/Zybo_Image_Processing/workspace/zybo_z7_20_base_2021_1/hardware/zybo_z7_base_2021_1-vivado/zybo_z7_base_2021_1-vivado.gen/sources_1/bd/zybo_z7_20_base_2021_1/ipshared/66ea/hdl/axi_lite_ipif_v3_0_vh_rfs.vhd:1534]
INFO: [Synth 8-638] synthesizing module 'pselect_f__parameterized15' [/home/ayuba/Zybo_Image_Processing/Zybo_Image_Processing/workspace/zybo_z7_20_base_2021_1/hardware/zybo_z7_base_2021_1-vivado/zybo_z7_base_2021_1-vivado.gen/sources_1/bd/zybo_z7_20_base_2021_1/ipshared/66ea/hdl/axi_lite_ipif_v3_0_vh_rfs.vhd:1534]
INFO: [Synth 8-256] done synthesizing module 'pselect_f__parameterized15' (2#1) [/home/ayuba/Zybo_Image_Processing/Zybo_Image_Processing/workspace/zybo_z7_20_base_2021_1/hardware/zybo_z7_base_2021_1-vivado/zybo_z7_base_2021_1-vivado.gen/sources_1/bd/zybo_z7_20_base_2021_1/ipshared/66ea/hdl/axi_lite_ipif_v3_0_vh_rfs.vhd:1534]
INFO: [Synth 8-638] synthesizing module 'pselect_f__parameterized16' [/home/ayuba/Zybo_Image_Processing/Zybo_Image_Processing/workspace/zybo_z7_20_base_2021_1/hardware/zybo_z7_base_2021_1-vivado/zybo_z7_base_2021_1-vivado.gen/sources_1/bd/zybo_z7_20_base_2021_1/ipshared/66ea/hdl/axi_lite_ipif_v3_0_vh_rfs.vhd:1534]
INFO: [Synth 8-256] done synthesizing module 'pselect_f__parameterized16' (2#1) [/home/ayuba/Zybo_Image_Processing/Zybo_Image_Processing/workspace/zybo_z7_20_base_2021_1/hardware/zybo_z7_base_2021_1-vivado/zybo_z7_base_2021_1-vivado.gen/sources_1/bd/zybo_z7_20_base_2021_1/ipshared/66ea/hdl/axi_lite_ipif_v3_0_vh_rfs.vhd:1534]
INFO: [Synth 8-638] synthesizing module 'pselect_f__parameterized17' [/home/ayuba/Zybo_Image_Processing/Zybo_Image_Processing/workspace/zybo_z7_20_base_2021_1/hardware/zybo_z7_base_2021_1-vivado/zybo_z7_base_2021_1-vivado.gen/sources_1/bd/zybo_z7_20_base_2021_1/ipshared/66ea/hdl/axi_lite_ipif_v3_0_vh_rfs.vhd:1534]
INFO: [Synth 8-256] done synthesizing module 'pselect_f__parameterized17' (2#1) [/home/ayuba/Zybo_Image_Processing/Zybo_Image_Processing/workspace/zybo_z7_20_base_2021_1/hardware/zybo_z7_base_2021_1-vivado/zybo_z7_base_2021_1-vivado.gen/sources_1/bd/zybo_z7_20_base_2021_1/ipshared/66ea/hdl/axi_lite_ipif_v3_0_vh_rfs.vhd:1534]
INFO: [Synth 8-638] synthesizing module 'pselect_f__parameterized18' [/home/ayuba/Zybo_Image_Processing/Zybo_Image_Processing/workspace/zybo_z7_20_base_2021_1/hardware/zybo_z7_base_2021_1-vivado/zybo_z7_base_2021_1-vivado.gen/sources_1/bd/zybo_z7_20_base_2021_1/ipshared/66ea/hdl/axi_lite_ipif_v3_0_vh_rfs.vhd:1534]
INFO: [Synth 8-256] done synthesizing module 'pselect_f__parameterized18' (2#1) [/home/ayuba/Zybo_Image_Processing/Zybo_Image_Processing/workspace/zybo_z7_20_base_2021_1/hardware/zybo_z7_base_2021_1-vivado/zybo_z7_base_2021_1-vivado.gen/sources_1/bd/zybo_z7_20_base_2021_1/ipshared/66ea/hdl/axi_lite_ipif_v3_0_vh_rfs.vhd:1534]
INFO: [Synth 8-638] synthesizing module 'pselect_f__parameterized19' [/home/ayuba/Zybo_Image_Processing/Zybo_Image_Processing/workspace/zybo_z7_20_base_2021_1/hardware/zybo_z7_base_2021_1-vivado/zybo_z7_base_2021_1-vivado.gen/sources_1/bd/zybo_z7_20_base_2021_1/ipshared/66ea/hdl/axi_lite_ipif_v3_0_vh_rfs.vhd:1534]
INFO: [Synth 8-256] done synthesizing module 'pselect_f__parameterized19' (2#1) [/home/ayuba/Zybo_Image_Processing/Zybo_Image_Processing/workspace/zybo_z7_20_base_2021_1/hardware/zybo_z7_base_2021_1-vivado/zybo_z7_base_2021_1-vivado.gen/sources_1/bd/zybo_z7_20_base_2021_1/ipshared/66ea/hdl/axi_lite_ipif_v3_0_vh_rfs.vhd:1534]
INFO: [Synth 8-256] done synthesizing module 'address_decoder' (3#1) [/home/ayuba/Zybo_Image_Processing/Zybo_Image_Processing/workspace/zybo_z7_20_base_2021_1/hardware/zybo_z7_base_2021_1-vivado/zybo_z7_base_2021_1-vivado.gen/sources_1/bd/zybo_z7_20_base_2021_1/ipshared/66ea/hdl/axi_lite_ipif_v3_0_vh_rfs.vhd:1775]
INFO: [Synth 8-226] default block is never used [/home/ayuba/Zybo_Image_Processing/Zybo_Image_Processing/workspace/zybo_z7_20_base_2021_1/hardware/zybo_z7_base_2021_1-vivado/zybo_z7_base_2021_1-vivado.gen/sources_1/bd/zybo_z7_20_base_2021_1/ipshared/66ea/hdl/axi_lite_ipif_v3_0_vh_rfs.vhd:2550]
INFO: [Synth 8-256] done synthesizing module 'slave_attachment' (4#1) [/home/ayuba/Zybo_Image_Processing/Zybo_Image_Processing/workspace/zybo_z7_20_base_2021_1/hardware/zybo_z7_base_2021_1-vivado/zybo_z7_base_2021_1-vivado.gen/sources_1/bd/zybo_z7_20_base_2021_1/ipshared/66ea/hdl/axi_lite_ipif_v3_0_vh_rfs.vhd:2341]
INFO: [Synth 8-256] done synthesizing module 'axi_lite_ipif' (5#1) [/home/ayuba/Zybo_Image_Processing/Zybo_Image_Processing/workspace/zybo_z7_20_base_2021_1/hardware/zybo_z7_base_2021_1-vivado/zybo_z7_base_2021_1-vivado.gen/sources_1/bd/zybo_z7_20_base_2021_1/ipshared/66ea/hdl/axi_lite_ipif_v3_0_vh_rfs.vhd:2948]
INFO: [Synth 8-256] done synthesizing module 'axi_intc' (6#1) [/home/ayuba/Zybo_Image_Processing/Zybo_Image_Processing/workspace/zybo_z7_20_base_2021_1/hardware/zybo_z7_base_2021_1-vivado/zybo_z7_base_2021_1-vivado.gen/sources_1/bd/zybo_z7_20_base_2021_1/ipshared/47b8/hdl/axi_intc_v4_1_vh_rfs.vhd:3553]
INFO: [Synth 8-256] done synthesizing module 'zybo_z7_20_base_2021_1_axi_intc_0_0' (7#1) [/home/ayuba/Zybo_Image_Processing/Zybo_Image_Processing/workspace/zybo_z7_20_base_2021_1/hardware/zybo_z7_base_2021_1-vivado/zybo_z7_base_2021_1-vivado.gen/sources_1/bd/zybo_z7_20_base_2021_1/ip/zybo_z7_20_base_2021_1_axi_intc_0_0/synth/zybo_z7_20_base_2021_1_axi_intc_0_0.vhd:85]
---------------------------------------------------------------------------------
Finished RTL Elaboration : Time (s): cpu = 00:00:07 ; elapsed = 00:00:12 . Memory (MB): peak = 2522.508 ; gain = 0.000 ; free physical = 86 ; free virtual = 359
---------------------------------------------------------------------------------
---------------------------------------------------------------------------------
Start Handling Custom Attributes
---------------------------------------------------------------------------------
---------------------------------------------------------------------------------
Finished Handling Custom Attributes : Time (s): cpu = 00:00:08 ; elapsed = 00:00:16 . Memory (MB): peak = 2522.508 ; gain = 0.000 ; free physical = 105 ; free virtual = 911
---------------------------------------------------------------------------------
---------------------------------------------------------------------------------
Finished RTL Optimization Phase 1 : Time (s): cpu = 00:00:08 ; elapsed = 00:00:16 . Memory (MB): peak = 2522.508 ; gain = 0.000 ; free physical = 104 ; free virtual = 911
---------------------------------------------------------------------------------
Netlist sorting complete. Time (s): cpu = 00:00:00.01 ; elapsed = 00:00:00.02 . Memory (MB): peak = 2522.508 ; gain = 0.000 ; free physical = 1506 ; free virtual = 2470
INFO: [Project 1-570] Preparing netlist for logic optimization

Processing XDC Constraints
Initializing timing engine
Parsing XDC File [/home/ayuba/Zybo_Image_Processing/Zybo_Image_Processing/workspace/zybo_z7_20_base_2021_1/hardware/zybo_z7_base_2021_1-vivado/zybo_z7_base_2021_1-vivado.gen/sources_1/bd/zybo_z7_20_base_2021_1/ip/zybo_z7_20_base_2021_1_axi_intc_0_0/zybo_z7_20_base_2021_1_axi_intc_0_0_ooc.xdc] for cell 'U0'
Finished Parsing XDC File [/home/ayuba/Zybo_Image_Processing/Zybo_Image_Processing/workspace/zybo_z7_20_base_2021_1/hardware/zybo_z7_base_2021_1-vivado/zybo_z7_base_2021_1-vivado.gen/sources_1/bd/zybo_z7_20_base_2021_1/ip/zybo_z7_20_base_2021_1_axi_intc_0_0/zybo_z7_20_base_2021_1_axi_intc_0_0_ooc.xdc] for cell 'U0'
Parsing XDC File [/home/ayuba/Zybo_Image_Processing/Zybo_Image_Processing/workspace/zybo_z7_20_base_2021_1/hardware/zybo_z7_base_2021_1-vivado/zybo_z7_base_2021_1-vivado.gen/sources_1/bd/zybo_z7_20_base_2021_1/ip/zybo_z7_20_base_2021_1_axi_intc_0_0/zybo_z7_20_base_2021_1_axi_intc_0_0.xdc] for cell 'U0'
Finished Parsing XDC File [/home/ayuba/Zybo_Image_Processing/Zybo_Image_Processing/workspace/zybo_z7_20_base_2021_1/hardware/zybo_z7_base_2021_1-vivado/zybo_z7_base_2021_1-vivado.gen/sources_1/bd/zybo_z7_20_base_2021_1/ip/zybo_z7_20_base_2021_1_axi_intc_0_0/zybo_z7_20_base_2021_1_axi_intc_0_0.xdc] for cell 'U0'
Parsing XDC File [/home/ayuba/Zybo_Image_Processing/Zybo_Image_Processing/workspace/zybo_z7_20_base_2021_1/hardware/zybo_z7_base_2021_1-vivado/zybo_z7_base_2021_1-vivado.runs/zybo_z7_20_base_2021_1_axi_intc_0_0_synth_1/dont_touch.xdc]
Finished Parsing XDC File [/home/ayuba/Zybo_Image_Processing/Zybo_Image_Processing/workspace/zybo_z7_20_base_2021_1/hardware/zybo_z7_base_2021_1-vivado/zybo_z7_base_2021_1-vivado.runs/zybo_z7_20_base_2021_1_axi_intc_0_0_synth_1/dont_touch.xdc]
Parsing XDC File [/home/ayuba/Zybo_Image_Processing/Zybo_Image_Processing/workspace/zybo_z7_20_base_2021_1/hardware/zybo_z7_base_2021_1-vivado/zybo_z7_base_2021_1-vivado.gen/sources_1/bd/zybo_z7_20_base_2021_1/ip/zybo_z7_20_base_2021_1_axi_intc_0_0/zybo_z7_20_base_2021_1_axi_intc_0_0_clocks.xdc] for cell 'U0'
Finished Parsing XDC File [/home/ayuba/Zybo_Image_Processing/Zybo_Image_Processing/workspace/zybo_z7_20_base_2021_1/hardware/zybo_z7_base_2021_1-vivado/zybo_z7_base_2021_1-vivado.gen/sources_1/bd/zybo_z7_20_base_2021_1/ip/zybo_z7_20_base_2021_1_axi_intc_0_0/zybo_z7_20_base_2021_1_axi_intc_0_0_clocks.xdc] for cell 'U0'
Completed Processing XDC Constraints

Netlist sorting complete. Time (s): cpu = 00:00:00 ; elapsed = 00:00:00 . Memory (MB): peak = 2554.441 ; gain = 0.000 ; free physical = 1068 ; free virtual = 2397
INFO: [Project 1-111] Unisim Transformation Summary:
No Unisim elements were transformed.

Constraint Validation Runtime : Time (s): cpu = 00:00:00.05 ; elapsed = 00:00:00.05 . Memory (MB): peak = 2554.441 ; gain = 0.000 ; free physical = 1063 ; free virtual = 2396
---------------------------------------------------------------------------------
Finished Constraint Validation : Time (s): cpu = 00:00:13 ; elapsed = 00:00:23 . Memory (MB): peak = 2554.441 ; gain = 31.934 ; free physical = 1201 ; free virtual = 2546
---------------------------------------------------------------------------------
---------------------------------------------------------------------------------
Start Loading Part and Timing Information
---------------------------------------------------------------------------------
Loading part: xc7z020clg400-1
---------------------------------------------------------------------------------
Finished Loading Part and Timing Information : Time (s): cpu = 00:00:13 ; elapsed = 00:00:23 . Memory (MB): peak = 2554.441 ; gain = 31.934 ; free physical = 1203 ; free virtual = 2548
---------------------------------------------------------------------------------
---------------------------------------------------------------------------------
Start Applying 'set_property' XDC Constraints
---------------------------------------------------------------------------------
Applied set_property KEEP_HIERARCHY = SOFT for U0. (constraint file  /home/ayuba/Zybo_Image_Processing/Zybo_Image_Processing/workspace/zybo_z7_20_base_2021_1/hardware/zybo_z7_base_2021_1-vivado/zybo_z7_base_2021_1-vivado.runs/zybo_z7_20_base_2021_1_axi_intc_0_0_synth_1/dont_touch.xdc, line 9).
---------------------------------------------------------------------------------
Finished applying 'set_property' XDC Constraints : Time (s): cpu = 00:00:13 ; elapsed = 00:00:23 . Memory (MB): peak = 2554.441 ; gain = 31.934 ; free physical = 1203 ; free virtual = 2551
---------------------------------------------------------------------------------
INFO: [Synth 8-802] inferred FSM for state register 'state_reg' in module 'slave_attachment'
---------------------------------------------------------------------------------------------------
                   State |                     New Encoding |                Previous Encoding 
---------------------------------------------------------------------------------------------------
                 iSTATE2 |                             0001 |                               00
                  iSTATE |                             0010 |                               01
                 iSTATE0 |                             0100 |                               10
                 iSTATE1 |                             1000 |                               11
---------------------------------------------------------------------------------------------------
INFO: [Synth 8-3354] encoded FSM with state register 'state_reg' using encoding 'one-hot' in module 'slave_attachment'
---------------------------------------------------------------------------------
Finished RTL Optimization Phase 2 : Time (s): cpu = 00:00:14 ; elapsed = 00:00:24 . Memory (MB): peak = 2554.441 ; gain = 31.934 ; free physical = 1174 ; free virtual = 2531
---------------------------------------------------------------------------------
---------------------------------------------------------------------------------
Start RTL Component Statistics 
---------------------------------------------------------------------------------
Detailed RTL Component Info : 
+---Adders : 
	   2 Input    4 Bit       Adders := 1     
+---Registers : 
	               32 Bit    Registers := 2     
	                9 Bit    Registers := 1     
	                4 Bit    Registers := 1     
	                2 Bit    Registers := 4     
	                1 Bit    Registers := 46    
+---Muxes : 
	   7 Input   32 Bit        Muxes := 1     
	   2 Input   32 Bit        Muxes := 2     
	   2 Input    9 Bit        Muxes := 1     
	   4 Input    4 Bit        Muxes := 1     
	   2 Input    4 Bit        Muxes := 6     
	   7 Input    3 Bit        Muxes := 1     
	   7 Input    2 Bit        Muxes := 1     
	   2 Input    2 Bit        Muxes := 2     
	   2 Input    1 Bit        Muxes := 23    
	   4 Input    1 Bit        Muxes := 3     
---------------------------------------------------------------------------------
Finished RTL Component Statistics 
---------------------------------------------------------------------------------
---------------------------------------------------------------------------------
Start Part Resource Summary
---------------------------------------------------------------------------------
Part Resources:
DSPs: 220 (col length:60)
BRAMs: 280 (col length: RAMB18 60 RAMB36 30)
---------------------------------------------------------------------------------
Finished Part Resource Summary
---------------------------------------------------------------------------------
---------------------------------------------------------------------------------
Start Cross Boundary and Area Optimization
---------------------------------------------------------------------------------
---------------------------------------------------------------------------------
Finished Cross Boundary and Area Optimization : Time (s): cpu = 00:00:15 ; elapsed = 00:00:25 . Memory (MB): peak = 2554.441 ; gain = 31.934 ; free physical = 1125 ; free virtual = 2503
---------------------------------------------------------------------------------
---------------------------------------------------------------------------------
Start Applying XDC Timing Constraints
---------------------------------------------------------------------------------
---------------------------------------------------------------------------------
Finished Applying XDC Timing Constraints : Time (s): cpu = 00:00:19 ; elapsed = 00:00:30 . Memory (MB): peak = 2554.441 ; gain = 31.934 ; free physical = 887 ; free virtual = 2270
---------------------------------------------------------------------------------
---------------------------------------------------------------------------------
Start Timing Optimization
---------------------------------------------------------------------------------
---------------------------------------------------------------------------------
Finished Timing Optimization : Time (s): cpu = 00:00:20 ; elapsed = 00:00:30 . Memory (MB): peak = 2554.441 ; gain = 31.934 ; free physical = 883 ; free virtual = 2266
---------------------------------------------------------------------------------
---------------------------------------------------------------------------------
Start Technology Mapping
---------------------------------------------------------------------------------
---------------------------------------------------------------------------------
Finished Technology Mapping : Time (s): cpu = 00:00:20 ; elapsed = 00:00:30 . Memory (MB): peak = 2554.441 ; gain = 31.934 ; free physical = 883 ; free virtual = 2266
---------------------------------------------------------------------------------
---------------------------------------------------------------------------------
Start IO Insertion
---------------------------------------------------------------------------------
---------------------------------------------------------------------------------
Start Flattening Before IO Insertion
---------------------------------------------------------------------------------
---------------------------------------------------------------------------------
Finished Flattening Before IO Insertion
---------------------------------------------------------------------------------
---------------------------------------------------------------------------------
Start Final Netlist Cleanup
---------------------------------------------------------------------------------
---------------------------------------------------------------------------------
Finished Final Netlist Cleanup
---------------------------------------------------------------------------------
---------------------------------------------------------------------------------
Finished IO Insertion : Time (s): cpu = 00:00:23 ; elapsed = 00:00:33 . Memory (MB): peak = 2554.441 ; gain = 31.934 ; free physical = 1050 ; free virtual = 2483
---------------------------------------------------------------------------------
---------------------------------------------------------------------------------
Start Renaming Generated Instances
---------------------------------------------------------------------------------
---------------------------------------------------------------------------------
Finished Renaming Generated Instances : Time (s): cpu = 00:00:23 ; elapsed = 00:00:33 . Memory (MB): peak = 2554.441 ; gain = 31.934 ; free physical = 1050 ; free virtual = 2483
---------------------------------------------------------------------------------
---------------------------------------------------------------------------------
Start Rebuilding User Hierarchy
---------------------------------------------------------------------------------
---------------------------------------------------------------------------------
Finished Rebuilding User Hierarchy : Time (s): cpu = 00:00:23 ; elapsed = 00:00:33 . Memory (MB): peak = 2554.441 ; gain = 31.934 ; free physical = 1060 ; free virtual = 2493
---------------------------------------------------------------------------------
---------------------------------------------------------------------------------
Start Renaming Generated Ports
---------------------------------------------------------------------------------
---------------------------------------------------------------------------------
Finished Renaming Generated Ports : Time (s): cpu = 00:00:23 ; elapsed = 00:00:33 . Memory (MB): peak = 2554.441 ; gain = 31.934 ; free physical = 1060 ; free virtual = 2493
---------------------------------------------------------------------------------
---------------------------------------------------------------------------------
Start Handling Custom Attributes
---------------------------------------------------------------------------------
---------------------------------------------------------------------------------
Finished Handling Custom Attributes : Time (s): cpu = 00:00:23 ; elapsed = 00:00:33 . Memory (MB): peak = 2554.441 ; gain = 31.934 ; free physical = 1059 ; free virtual = 2492
---------------------------------------------------------------------------------
---------------------------------------------------------------------------------
Start Renaming Generated Nets
---------------------------------------------------------------------------------
---------------------------------------------------------------------------------
Finished Renaming Generated Nets : Time (s): cpu = 00:00:23 ; elapsed = 00:00:33 . Memory (MB): peak = 2554.441 ; gain = 31.934 ; free physical = 1058 ; free virtual = 2491
---------------------------------------------------------------------------------
---------------------------------------------------------------------------------
Start Writing Synthesis Report
---------------------------------------------------------------------------------

Report BlackBoxes: 
+-+--------------+----------+
| |BlackBox name |Instances |
+-+--------------+----------+
+-+--------------+----------+

Report Cell Usage: 
+------+-----+------+
|      |Cell |Count |
+------+-----+------+
|1     |LUT1 |     2|
|2     |LUT2 |    11|
|3     |LUT3 |    29|
|4     |LUT4 |    11|
|5     |LUT5 |    12|
|6     |LUT6 |    24|
|7     |FDRE |    65|
|8     |FDSE |     2|
+------+-----+------+
---------------------------------------------------------------------------------
Finished Writing Synthesis Report : Time (s): cpu = 00:00:23 ; elapsed = 00:00:33 . Memory (MB): peak = 2554.441 ; gain = 31.934 ; free physical = 1057 ; free virtual = 2490
---------------------------------------------------------------------------------
Synthesis finished with 0 errors, 0 critical warnings and 0 warnings.
Synthesis Optimization Runtime : Time (s): cpu = 00:00:21 ; elapsed = 00:00:30 . Memory (MB): peak = 2554.441 ; gain = 0.000 ; free physical = 1100 ; free virtual = 2547
Synthesis Optimization Complete : Time (s): cpu = 00:00:23 ; elapsed = 00:00:34 . Memory (MB): peak = 2554.449 ; gain = 31.934 ; free physical = 1100 ; free virtual = 2547
INFO: [Project 1-571] Translating synthesized netlist
Netlist sorting complete. Time (s): cpu = 00:00:00 ; elapsed = 00:00:00 . Memory (MB): peak = 2554.449 ; gain = 0.000 ; free physical = 1090 ; free virtual = 2539
INFO: [Project 1-570] Preparing netlist for logic optimization
INFO: [Opt 31-138] Pushed 0 inverter(s) to 0 load pin(s).
Netlist sorting complete. Time (s): cpu = 00:00:00 ; elapsed = 00:00:00 . Memory (MB): peak = 2554.449 ; gain = 0.000 ; free physical = 1109 ; free virtual = 2571
INFO: [Project 1-111] Unisim Transformation Summary:
No Unisim elements were transformed.

Synth Design complete, checksum: af799edb
INFO: [Common 17-83] Releasing license: Synthesis
70 Infos, 0 Warnings, 0 Critical Warnings and 0 Errors encountered.
synth_design completed successfully
synth_design: Time (s): cpu = 00:00:36 ; elapsed = 00:00:39 . Memory (MB): peak = 2554.449 ; gain = 32.023 ; free physical = 1255 ; free virtual = 2719
INFO: [Common 17-1381] The checkpoint '/home/ayuba/Zybo_Image_Processing/Zybo_Image_Processing/workspace/zybo_z7_20_base_2021_1/hardware/zybo_z7_base_2021_1-vivado/zybo_z7_base_2021_1-vivado.runs/zybo_z7_20_base_2021_1_axi_intc_0_0_synth_1/zybo_z7_20_base_2021_1_axi_intc_0_0.dcp' has been generated.
INFO: [Coretcl 2-1648] Added synthesis output to IP cache for IP zybo_z7_20_base_2021_1_axi_intc_0_0, cache-ID = 8e0d6987e9483be4
INFO: [Coretcl 2-1174] Renamed 5 cell refs.
INFO: [Common 17-1381] The checkpoint '/home/ayuba/Zybo_Image_Processing/Zybo_Image_Processing/workspace/zybo_z7_20_base_2021_1/hardware/zybo_z7_base_2021_1-vivado/zybo_z7_base_2021_1-vivado.runs/zybo_z7_20_base_2021_1_axi_intc_0_0_synth_1/zybo_z7_20_base_2021_1_axi_intc_0_0.dcp' has been generated.
INFO: [runtcl-4] Executing : report_utilization -file zybo_z7_20_base_2021_1_axi_intc_0_0_utilization_synth.rpt -pb zybo_z7_20_base_2021_1_axi_intc_0_0_utilization_synth.pb
INFO: [Common 17-206] Exiting Vivado at Thu Oct 20 00:52:39 2022...
